2025-01-23 15:17:56 [info]: DistanceCalculator initialized
2025-01-23 15:17:56 [info]: RouteCalculator initialized
2025-01-23 15:17:56 [info]: ShortRouteCalculator initialized
2025-01-23 15:17:56 [info]: RailroadService initialized
2025-01-23 15:17:56 [info]: Getting distance for path: A -> B -> C
2025-01-23 15:17:56 [info]: Calculating distance for path: A -> B -> C
2025-01-23 15:17:56 [info]: Edge distance from A to B: 5
2025-01-23 15:17:56 [info]: Edge distance from B to C: 4
2025-01-23 15:17:56 [info]: Total distance: 9
2025-01-23 15:17:56 [info]: DistanceCalculator initialized
2025-01-23 15:17:56 [info]: RouteCalculator initialized
2025-01-23 15:17:56 [info]: ShortRouteCalculator initialized
2025-01-23 15:17:56 [info]: RailroadService initialized
2025-01-23 15:17:56 [info]: Getting distance for path: A -> D
2025-01-23 15:17:56 [info]: Calculating distance for path: A -> D
2025-01-23 15:17:56 [info]: Edge distance from A to D: 5
2025-01-23 15:17:56 [info]: Total distance: 5
2025-01-23 15:17:56 [info]: DistanceCalculator initialized
2025-01-23 15:17:56 [info]: RouteCalculator initialized
2025-01-23 15:17:56 [info]: ShortRouteCalculator initialized
2025-01-23 15:17:56 [info]: RailroadService initialized
2025-01-23 15:17:56 [info]: Getting distance for path: A -> D -> C
2025-01-23 15:17:56 [info]: Calculating distance for path: A -> D -> C
2025-01-23 15:17:56 [info]: Edge distance from A to D: 5
2025-01-23 15:17:56 [info]: Edge distance from D to C: 8
2025-01-23 15:17:56 [info]: Total distance: 13
2025-01-23 15:17:56 [info]: DistanceCalculator initialized
2025-01-23 15:17:56 [info]: RouteCalculator initialized
2025-01-23 15:17:56 [info]: ShortRouteCalculator initialized
2025-01-23 15:17:56 [info]: RailroadService initialized
2025-01-23 15:17:56 [info]: Getting distance for path: A -> E -> B -> C -> D
2025-01-23 15:17:56 [info]: Calculating distance for path: A -> E -> B -> C -> D
2025-01-23 15:17:56 [info]: Edge distance from A to E: 7
2025-01-23 15:17:56 [info]: Edge distance from E to B: 3
2025-01-23 15:17:56 [info]: Edge distance from B to C: 4
2025-01-23 15:17:56 [info]: Edge distance from C to D: 8
2025-01-23 15:17:56 [info]: Total distance: 22
2025-01-23 15:17:56 [info]: DistanceCalculator initialized
2025-01-23 15:17:56 [info]: RouteCalculator initialized
2025-01-23 15:17:56 [info]: ShortRouteCalculator initialized
2025-01-23 15:17:56 [info]: RailroadService initialized
2025-01-23 15:17:56 [info]: Getting distance for path: A -> E -> D
2025-01-23 15:17:56 [info]: Calculating distance for path: A -> E -> D
2025-01-23 15:17:56 [info]: Edge distance from A to E: 7
2025-01-23 15:17:56 [info]: Edge distance from E to D: null
2025-01-23 15:17:56 [info]: DistanceCalculator initialized
2025-01-23 15:17:56 [info]: RouteCalculator initialized
2025-01-23 15:17:56 [info]: ShortRouteCalculator initialized
2025-01-23 15:17:56 [info]: RailroadService initialized
2025-01-23 15:17:56 [info]: Getting distance for path: A -> E -> K
2025-01-23 15:17:56 [info]: Calculating distance for path: A -> E -> K
2025-01-23 15:17:56 [info]: Edge distance from A to E: 7
2025-01-23 15:17:56 [info]: Edge distance from E to K: null
2025-01-23 15:17:56 [info]: DistanceCalculator initialized
2025-01-23 15:17:56 [info]: RouteCalculator initialized
2025-01-23 15:17:56 [info]: ShortRouteCalculator initialized
2025-01-23 15:17:56 [info]: RailroadService initialized
2025-01-23 15:17:56 [info]: Getting routes from C to C with maximum 3 stops
2025-01-23 15:17:56 [info]: Calculating routes from C to C with maximum 3 stops
2025-01-23 15:17:56 [info]: Found 2 routes
2025-01-23 15:17:56 [info]: DistanceCalculator initialized
2025-01-23 15:17:56 [info]: RouteCalculator initialized
2025-01-23 15:17:56 [info]: ShortRouteCalculator initialized
2025-01-23 15:17:56 [info]: RailroadService initialized
2025-01-23 15:17:56 [info]: Getting routes from A to C with exactly 4 stops
2025-01-23 15:17:56 [info]: Calculating routes from A to C with exactly 4 stops
2025-01-23 15:17:57 [info]: Found 1 routes
2025-01-23 15:17:57 [info]: DistanceCalculator initialized
2025-01-23 15:17:57 [info]: RouteCalculator initialized
2025-01-23 15:17:57 [info]: ShortRouteCalculator initialized
2025-01-23 15:17:57 [info]: RailroadService initialized
2025-01-23 15:17:57 [info]: Getting shortest route from A to C
2025-01-23 15:17:57 [info]: Calculating shortest route from A to C
2025-01-23 15:17:57 [info]: Shortest route distance: 9
2025-01-23 15:17:57 [info]: DistanceCalculator initialized
2025-01-23 15:17:57 [info]: RouteCalculator initialized
2025-01-23 15:17:57 [info]: ShortRouteCalculator initialized
2025-01-23 15:17:57 [info]: RailroadService initialized
2025-01-23 15:17:57 [info]: Getting shortest route from B to B
2025-01-23 15:17:57 [info]: Calculating shortest route from B to B
2025-01-23 15:17:57 [info]: Shortest route distance: 9
2025-01-23 15:17:57 [info]: DistanceCalculator initialized
2025-01-23 15:17:57 [info]: RouteCalculator initialized
2025-01-23 15:17:57 [info]: ShortRouteCalculator initialized
2025-01-23 15:17:57 [info]: RailroadService initialized
2025-01-23 15:17:57 [info]: Getting shortest route from B to K
2025-01-23 15:17:57 [info]: Calculating shortest route from B to K
2025-01-23 15:17:57 [warn]: NO SUCH ROUTE
2025-01-23 15:17:57 [info]: DistanceCalculator initialized
2025-01-23 15:17:57 [info]: RouteCalculator initialized
2025-01-23 15:17:57 [info]: ShortRouteCalculator initialized
2025-01-23 15:17:57 [info]: RailroadService initialized
2025-01-23 15:17:57 [info]: Getting all routes from C to C with maximum distance 30
2025-01-23 15:17:57 [info]: Calculating all routes from C to C with maximum distance 30
2025-01-23 15:17:57 [info]: Found 3 routes
2025-01-23 15:48:01 [info]: DistanceCalculator initialized
2025-01-23 15:48:01 [info]: RouteCalculator initialized
2025-01-23 15:48:01 [info]: ShortRouteCalculator initialized
2025-01-23 15:48:01 [info]: RailroadService initialized
2025-01-23 15:48:01 [info]: Getting distance for path: A -> B -> C
2025-01-23 15:48:01 [info]: Calculating distance for path: A -> B -> C
2025-01-23 15:48:01 [info]: Edge distance from A to B: 5
2025-01-23 15:48:01 [info]: Edge distance from B to C: 4
2025-01-23 15:48:01 [info]: Total distance: 9
2025-01-23 15:48:01 [info]: DistanceCalculator initialized
2025-01-23 15:48:01 [info]: RouteCalculator initialized
2025-01-23 15:48:01 [info]: ShortRouteCalculator initialized
2025-01-23 15:48:01 [info]: RailroadService initialized
2025-01-23 15:48:01 [info]: Getting distance for path: A -> D
2025-01-23 15:48:01 [info]: Calculating distance for path: A -> D
2025-01-23 15:48:01 [info]: Edge distance from A to D: 5
2025-01-23 15:48:01 [info]: Total distance: 5
2025-01-23 15:48:01 [info]: DistanceCalculator initialized
2025-01-23 15:48:01 [info]: RouteCalculator initialized
2025-01-23 15:48:01 [info]: ShortRouteCalculator initialized
2025-01-23 15:48:01 [info]: RailroadService initialized
2025-01-23 15:48:01 [info]: Getting distance for path: A -> D -> C
2025-01-23 15:48:01 [info]: Calculating distance for path: A -> D -> C
2025-01-23 15:48:01 [info]: Edge distance from A to D: 5
2025-01-23 15:48:01 [info]: Edge distance from D to C: 8
2025-01-23 15:48:01 [info]: Total distance: 13
2025-01-23 15:48:01 [info]: DistanceCalculator initialized
2025-01-23 15:48:01 [info]: RouteCalculator initialized
2025-01-23 15:48:01 [info]: ShortRouteCalculator initialized
2025-01-23 15:48:01 [info]: RailroadService initialized
2025-01-23 15:48:01 [info]: Getting distance for path: A -> E -> B -> C -> D
2025-01-23 15:48:01 [info]: Calculating distance for path: A -> E -> B -> C -> D
2025-01-23 15:48:01 [info]: Edge distance from A to E: 7
2025-01-23 15:48:01 [info]: Edge distance from E to B: 3
2025-01-23 15:48:01 [info]: Edge distance from B to C: 4
2025-01-23 15:48:01 [info]: Edge distance from C to D: 8
2025-01-23 15:48:01 [info]: Total distance: 22
2025-01-23 15:48:01 [info]: DistanceCalculator initialized
2025-01-23 15:48:01 [info]: RouteCalculator initialized
2025-01-23 15:48:01 [info]: ShortRouteCalculator initialized
2025-01-23 15:48:01 [info]: RailroadService initialized
2025-01-23 15:48:01 [info]: Getting distance for path: A -> E -> D
2025-01-23 15:48:01 [info]: Calculating distance for path: A -> E -> D
2025-01-23 15:48:01 [info]: Edge distance from A to E: 7
2025-01-23 15:48:01 [info]: Edge distance from E to D: null
2025-01-23 15:48:01 [info]: DistanceCalculator initialized
2025-01-23 15:48:01 [info]: RouteCalculator initialized
2025-01-23 15:48:01 [info]: ShortRouteCalculator initialized
2025-01-23 15:48:01 [info]: RailroadService initialized
2025-01-23 15:48:01 [info]: Getting distance for path: A -> E -> K
2025-01-23 15:48:01 [info]: Calculating distance for path: A -> E -> K
2025-01-23 15:48:01 [info]: Edge distance from A to E: 7
2025-01-23 15:48:01 [info]: Edge distance from E to K: null
2025-01-23 15:48:01 [info]: DistanceCalculator initialized
2025-01-23 15:48:01 [info]: RouteCalculator initialized
2025-01-23 15:48:01 [info]: ShortRouteCalculator initialized
2025-01-23 15:48:01 [info]: RailroadService initialized
2025-01-23 15:48:01 [info]: Getting routes from C to C with maximum 3 stops
2025-01-23 15:48:01 [info]: Calculating routes from C to C with maximum 3 stops
2025-01-23 15:48:01 [info]: Found 2 routes
2025-01-23 15:48:01 [info]: DistanceCalculator initialized
2025-01-23 15:48:01 [info]: RouteCalculator initialized
2025-01-23 15:48:01 [info]: ShortRouteCalculator initialized
2025-01-23 15:48:01 [info]: RailroadService initialized
2025-01-23 15:48:01 [info]: Getting routes from A to C with exactly 4 stops
2025-01-23 15:48:01 [info]: Calculating routes from A to C with exactly 4 stops
2025-01-23 15:48:01 [info]: Found 1 routes
2025-01-23 15:48:01 [info]: DistanceCalculator initialized
2025-01-23 15:48:01 [info]: RouteCalculator initialized
2025-01-23 15:48:01 [info]: ShortRouteCalculator initialized
2025-01-23 15:48:01 [info]: RailroadService initialized
2025-01-23 15:48:01 [info]: Getting shortest route from A to C
2025-01-23 15:48:01 [info]: Calculating shortest route from A to C
2025-01-23 15:48:01 [info]: Shortest route distance: 9
2025-01-23 15:48:01 [info]: DistanceCalculator initialized
2025-01-23 15:48:01 [info]: RouteCalculator initialized
2025-01-23 15:48:01 [info]: ShortRouteCalculator initialized
2025-01-23 15:48:01 [info]: RailroadService initialized
2025-01-23 15:48:01 [info]: Getting shortest route from B to B
2025-01-23 15:48:01 [info]: Calculating shortest route from B to B
2025-01-23 15:48:01 [info]: Shortest route distance: 9
2025-01-23 15:48:01 [info]: DistanceCalculator initialized
2025-01-23 15:48:01 [info]: RouteCalculator initialized
2025-01-23 15:48:02 [info]: ShortRouteCalculator initialized
2025-01-23 15:48:02 [info]: RailroadService initialized
2025-01-23 15:48:02 [info]: Getting shortest route from B to K
2025-01-23 15:48:02 [info]: Calculating shortest route from B to K
2025-01-23 15:48:02 [error]: NO SUCH ROUTE
2025-01-23 15:48:02 [info]: DistanceCalculator initialized
2025-01-23 15:48:02 [info]: RouteCalculator initialized
2025-01-23 15:48:02 [info]: ShortRouteCalculator initialized
2025-01-23 15:48:02 [info]: RailroadService initialized
2025-01-23 15:48:02 [info]: Getting all routes from C to C with maximum distance 30
2025-01-23 15:48:02 [info]: Calculating all routes from C to C with maximum distance 30
2025-01-23 15:48:02 [info]: Found 3 routes
