2025-01-25 09:50:11 [info]: Edge added from A to D with weight 5
2025-01-25 09:50:11 [info]: Edge added from A to E with weight 7
2025-01-25 09:50:11 [info]: Edge added from A to B with weight 5
2025-01-25 09:50:11 [info]: Edge added from D to E with weight 8
2025-01-25 09:50:11 [info]: Edge added from D to C with weight 8
2025-01-25 09:50:11 [info]: Edge added from B to C with weight 4
2025-01-25 09:50:11 [info]: Edge added from C to E with weight 2
2025-01-25 09:50:11 [info]: Edge added from C to D with weight 8
2025-01-25 09:50:11 [info]: Edge added from E to B with weight 3
2025-01-25 09:50:11 [info]: RailroadGraph initialized
2025-01-25 09:50:11 [info]: DistanceCalculator initialized
2025-01-25 09:50:11 [info]: RouteCalculator initialized
2025-01-25 09:50:11 [info]: ShortRouteCalculator initialized
2025-01-25 09:50:11 [info]: RailroadService initialized
2025-01-25 09:50:11 [info]: Getting distance for path: A -> B -> C
2025-01-25 09:50:11 [info]: Calculating distance for path: A -> B -> C
2025-01-25 09:50:11 [info]: Edge distance from A to B: 5
2025-01-25 09:50:11 [info]: Edge distance from B to C: 4
2025-01-25 09:50:11 [info]: Total distance: 9
2025-01-25 09:50:11 [info]: Edge added from A to D with weight 5
2025-01-25 09:50:11 [info]: Edge added from A to E with weight 7
2025-01-25 09:50:11 [info]: Edge added from A to B with weight 5
2025-01-25 09:50:11 [info]: Edge added from D to E with weight 8
2025-01-25 09:50:11 [info]: Edge added from D to C with weight 8
2025-01-25 09:50:11 [info]: Edge added from B to C with weight 4
2025-01-25 09:50:11 [info]: Edge added from C to E with weight 2
2025-01-25 09:50:11 [info]: Edge added from C to D with weight 8
2025-01-25 09:50:11 [info]: Edge added from E to B with weight 3
2025-01-25 09:50:11 [info]: RailroadGraph initialized
2025-01-25 09:50:11 [info]: DistanceCalculator initialized
2025-01-25 09:50:11 [info]: RouteCalculator initialized
2025-01-25 09:50:11 [info]: ShortRouteCalculator initialized
2025-01-25 09:50:11 [info]: RailroadService initialized
2025-01-25 09:50:11 [info]: Getting distance for path: A -> D
2025-01-25 09:50:11 [info]: Calculating distance for path: A -> D
2025-01-25 09:50:11 [info]: Edge distance from A to D: 5
2025-01-25 09:50:11 [info]: Total distance: 5
2025-01-25 09:50:11 [info]: Edge added from A to D with weight 5
2025-01-25 09:50:11 [info]: Edge added from A to E with weight 7
2025-01-25 09:50:11 [info]: Edge added from A to B with weight 5
2025-01-25 09:50:11 [info]: Edge added from D to E with weight 8
2025-01-25 09:50:11 [info]: Edge added from D to C with weight 8
2025-01-25 09:50:11 [info]: Edge added from B to C with weight 4
2025-01-25 09:50:11 [info]: Edge added from C to E with weight 2
2025-01-25 09:50:11 [info]: Edge added from C to D with weight 8
2025-01-25 09:50:11 [info]: Edge added from E to B with weight 3
2025-01-25 09:50:11 [info]: RailroadGraph initialized
2025-01-25 09:50:11 [info]: DistanceCalculator initialized
2025-01-25 09:50:11 [info]: RouteCalculator initialized
2025-01-25 09:50:11 [info]: ShortRouteCalculator initialized
2025-01-25 09:50:11 [info]: RailroadService initialized
2025-01-25 09:50:11 [info]: Getting distance for path: A -> D -> C
2025-01-25 09:50:11 [info]: Calculating distance for path: A -> D -> C
2025-01-25 09:50:11 [info]: Edge distance from A to D: 5
2025-01-25 09:50:11 [info]: Edge distance from D to C: 8
2025-01-25 09:50:11 [info]: Total distance: 13
2025-01-25 09:50:11 [info]: Edge added from A to D with weight 5
2025-01-25 09:50:11 [info]: Edge added from A to E with weight 7
2025-01-25 09:50:11 [info]: Edge added from A to B with weight 5
2025-01-25 09:50:11 [info]: Edge added from D to E with weight 8
2025-01-25 09:50:11 [info]: Edge added from D to C with weight 8
2025-01-25 09:50:11 [info]: Edge added from B to C with weight 4
2025-01-25 09:50:11 [info]: Edge added from C to E with weight 2
2025-01-25 09:50:11 [info]: Edge added from C to D with weight 8
2025-01-25 09:50:11 [info]: Edge added from E to B with weight 3
2025-01-25 09:50:11 [info]: RailroadGraph initialized
2025-01-25 09:50:11 [info]: DistanceCalculator initialized
2025-01-25 09:50:11 [info]: RouteCalculator initialized
2025-01-25 09:50:11 [info]: ShortRouteCalculator initialized
2025-01-25 09:50:11 [info]: RailroadService initialized
2025-01-25 09:50:11 [info]: Getting distance for path: A -> E -> B -> C -> D
2025-01-25 09:50:11 [info]: Calculating distance for path: A -> E -> B -> C -> D
2025-01-25 09:50:11 [info]: Edge distance from A to E: 7
2025-01-25 09:50:11 [info]: Edge distance from E to B: 3
2025-01-25 09:50:11 [info]: Edge distance from B to C: 4
2025-01-25 09:50:11 [info]: Edge distance from C to D: 8
2025-01-25 09:50:11 [info]: Total distance: 22
2025-01-25 09:50:11 [info]: Edge added from A to D with weight 5
2025-01-25 09:50:11 [info]: Edge added from A to E with weight 7
2025-01-25 09:50:11 [info]: Edge added from A to B with weight 5
2025-01-25 09:50:11 [info]: Edge added from D to E with weight 8
2025-01-25 09:50:11 [info]: Edge added from D to C with weight 8
2025-01-25 09:50:11 [info]: Edge added from B to C with weight 4
2025-01-25 09:50:11 [info]: Edge added from C to E with weight 2
2025-01-25 09:50:11 [info]: Edge added from C to D with weight 8
2025-01-25 09:50:11 [info]: Edge added from E to B with weight 3
2025-01-25 09:50:11 [info]: RailroadGraph initialized
2025-01-25 09:50:11 [info]: DistanceCalculator initialized
2025-01-25 09:50:11 [info]: RouteCalculator initialized
2025-01-25 09:50:11 [info]: ShortRouteCalculator initialized
2025-01-25 09:50:11 [info]: RailroadService initialized
2025-01-25 09:50:11 [info]: Getting distance for path: A -> E -> D
2025-01-25 09:50:11 [info]: Calculating distance for path: A -> E -> D
2025-01-25 09:50:11 [info]: Edge distance from A to E: 7
2025-01-25 09:50:11 [info]: Edge distance from E to D: null
2025-01-25 09:50:11 [info]: Edge added from A to D with weight 5
2025-01-25 09:50:11 [info]: Edge added from A to E with weight 7
2025-01-25 09:50:11 [info]: Edge added from A to B with weight 5
2025-01-25 09:50:11 [info]: Edge added from D to E with weight 8
2025-01-25 09:50:11 [info]: Edge added from D to C with weight 8
2025-01-25 09:50:11 [info]: Edge added from B to C with weight 4
2025-01-25 09:50:11 [info]: Edge added from C to E with weight 2
2025-01-25 09:50:11 [info]: Edge added from C to D with weight 8
2025-01-25 09:50:11 [info]: Edge added from E to B with weight 3
2025-01-25 09:50:11 [info]: RailroadGraph initialized
2025-01-25 09:50:11 [info]: DistanceCalculator initialized
2025-01-25 09:50:11 [info]: RouteCalculator initialized
2025-01-25 09:50:11 [info]: ShortRouteCalculator initialized
2025-01-25 09:50:11 [info]: RailroadService initialized
2025-01-25 09:50:11 [info]: Getting distance for path: A -> E -> K
2025-01-25 09:50:11 [info]: Calculating distance for path: A -> E -> K
2025-01-25 09:50:11 [info]: Edge distance from A to E: 7
2025-01-25 09:50:11 [info]: Edge distance from E to K: null
2025-01-25 09:50:11 [info]: Edge added from A to D with weight 5
2025-01-25 09:50:11 [info]: Edge added from A to E with weight 7
2025-01-25 09:50:11 [info]: Edge added from A to B with weight 5
2025-01-25 09:50:11 [info]: Edge added from D to E with weight 8
2025-01-25 09:50:11 [info]: Edge added from D to C with weight 8
2025-01-25 09:50:11 [info]: Edge added from B to C with weight 4
2025-01-25 09:50:11 [info]: Edge added from C to E with weight 2
2025-01-25 09:50:11 [info]: Edge added from C to D with weight 8
2025-01-25 09:50:11 [info]: Edge added from E to B with weight 3
2025-01-25 09:50:11 [info]: RailroadGraph initialized
2025-01-25 09:50:11 [info]: DistanceCalculator initialized
2025-01-25 09:50:11 [info]: RouteCalculator initialized
2025-01-25 09:50:11 [info]: ShortRouteCalculator initialized
2025-01-25 09:50:11 [info]: RailroadService initialized
2025-01-25 09:50:11 [info]: Getting routes from C to C with maximum 3 stops
2025-01-25 09:50:11 [info]: Calculating routes from C to C with maximum 3 stops
2025-01-25 09:50:11 [info]: Found 2 routes
2025-01-25 09:50:11 [info]: Edge added from A to D with weight 5
2025-01-25 09:50:11 [info]: Edge added from A to E with weight 7
2025-01-25 09:50:11 [info]: Edge added from A to B with weight 5
2025-01-25 09:50:11 [info]: Edge added from D to E with weight 8
2025-01-25 09:50:11 [info]: Edge added from D to C with weight 8
2025-01-25 09:50:11 [info]: Edge added from B to C with weight 4
2025-01-25 09:50:11 [info]: Edge added from C to E with weight 2
2025-01-25 09:50:11 [info]: Edge added from C to D with weight 8
2025-01-25 09:50:11 [info]: Edge added from E to B with weight 3
2025-01-25 09:50:11 [info]: RailroadGraph initialized
2025-01-25 09:50:11 [info]: DistanceCalculator initialized
2025-01-25 09:50:11 [info]: RouteCalculator initialized
2025-01-25 09:50:11 [info]: ShortRouteCalculator initialized
2025-01-25 09:50:11 [info]: RailroadService initialized
2025-01-25 09:50:11 [info]: Getting routes from A to C with exactly 4 stops
2025-01-25 09:50:11 [info]: Calculating routes from A to C with exactly 4 stops
2025-01-25 09:50:11 [info]: Found 1 routes
2025-01-25 09:50:11 [info]: Edge added from A to D with weight 5
2025-01-25 09:50:11 [info]: Edge added from A to E with weight 7
2025-01-25 09:50:11 [info]: Edge added from A to B with weight 5
2025-01-25 09:50:11 [info]: Edge added from D to E with weight 8
2025-01-25 09:50:11 [info]: Edge added from D to C with weight 8
2025-01-25 09:50:11 [info]: Edge added from B to C with weight 4
2025-01-25 09:50:11 [info]: Edge added from C to E with weight 2
2025-01-25 09:50:11 [info]: Edge added from C to D with weight 8
2025-01-25 09:50:11 [info]: Edge added from E to B with weight 3
2025-01-25 09:50:11 [info]: RailroadGraph initialized
2025-01-25 09:50:11 [info]: DistanceCalculator initialized
2025-01-25 09:50:11 [info]: RouteCalculator initialized
2025-01-25 09:50:11 [info]: ShortRouteCalculator initialized
2025-01-25 09:50:11 [info]: RailroadService initialized
2025-01-25 09:50:11 [info]: Getting shortest route from A to C
2025-01-25 09:50:11 [info]: Calculating shortest route from A to C
2025-01-25 09:50:11 [info]: Shortest route distance: 9
2025-01-25 09:50:11 [info]: Edge added from A to D with weight 5
2025-01-25 09:50:11 [info]: Edge added from A to E with weight 7
2025-01-25 09:50:11 [info]: Edge added from A to B with weight 5
2025-01-25 09:50:11 [info]: Edge added from D to E with weight 8
2025-01-25 09:50:11 [info]: Edge added from D to C with weight 8
2025-01-25 09:50:11 [info]: Edge added from B to C with weight 4
2025-01-25 09:50:11 [info]: Edge added from C to E with weight 2
2025-01-25 09:50:11 [info]: Edge added from C to D with weight 8
2025-01-25 09:50:11 [info]: Edge added from E to B with weight 3
2025-01-25 09:50:11 [info]: RailroadGraph initialized
2025-01-25 09:50:11 [info]: DistanceCalculator initialized
2025-01-25 09:50:11 [info]: RouteCalculator initialized
2025-01-25 09:50:11 [info]: ShortRouteCalculator initialized
2025-01-25 09:50:11 [info]: RailroadService initialized
2025-01-25 09:50:11 [info]: Getting shortest route from B to B
2025-01-25 09:50:11 [info]: Calculating shortest route from B to B
2025-01-25 09:50:11 [info]: Shortest route distance: 9
2025-01-25 09:50:11 [info]: Edge added from A to D with weight 5
2025-01-25 09:50:11 [info]: Edge added from A to E with weight 7
2025-01-25 09:50:11 [info]: Edge added from A to B with weight 5
2025-01-25 09:50:11 [info]: Edge added from D to E with weight 8
2025-01-25 09:50:11 [info]: Edge added from D to C with weight 8
2025-01-25 09:50:11 [info]: Edge added from B to C with weight 4
2025-01-25 09:50:11 [info]: Edge added from C to E with weight 2
2025-01-25 09:50:11 [info]: Edge added from C to D with weight 8
2025-01-25 09:50:11 [info]: Edge added from E to B with weight 3
2025-01-25 09:50:11 [info]: RailroadGraph initialized
2025-01-25 09:50:11 [info]: DistanceCalculator initialized
2025-01-25 09:50:11 [info]: RouteCalculator initialized
2025-01-25 09:50:11 [info]: ShortRouteCalculator initialized
2025-01-25 09:50:11 [info]: RailroadService initialized
2025-01-25 09:50:11 [info]: Getting shortest route from B to K
2025-01-25 09:50:11 [info]: Calculating shortest route from B to K
2025-01-25 09:50:11 [error]: NO SUCH ROUTE
2025-01-25 09:50:11 [info]: Edge added from A to D with weight 5
2025-01-25 09:50:11 [info]: Edge added from A to E with weight 7
2025-01-25 09:50:11 [info]: Edge added from A to B with weight 5
2025-01-25 09:50:11 [info]: Edge added from D to E with weight 8
2025-01-25 09:50:11 [info]: Edge added from D to C with weight 8
2025-01-25 09:50:11 [info]: Edge added from B to C with weight 4
2025-01-25 09:50:11 [info]: Edge added from C to E with weight 2
2025-01-25 09:50:11 [info]: Edge added from C to D with weight 8
2025-01-25 09:50:11 [info]: Edge added from E to B with weight 3
2025-01-25 09:50:11 [info]: RailroadGraph initialized
2025-01-25 09:50:11 [info]: DistanceCalculator initialized
2025-01-25 09:50:11 [info]: RouteCalculator initialized
2025-01-25 09:50:11 [info]: ShortRouteCalculator initialized
2025-01-25 09:50:11 [info]: RailroadService initialized
2025-01-25 09:50:11 [info]: Getting all routes from C to C with maximum distance 30
2025-01-25 09:50:11 [info]: Calculating all routes from C to C with maximum distance 30
2025-01-25 09:50:11 [info]: Found 3 routes
2025-01-25 10:05:25 [info]: Edge added from A to D with weight 5
2025-01-25 10:05:25 [info]: Edge added from A to E with weight 7
2025-01-25 10:05:25 [info]: Edge added from A to B with weight 5
2025-01-25 10:05:25 [info]: Edge added from D to E with weight 8
2025-01-25 10:05:25 [info]: Edge added from D to C with weight 8
2025-01-25 10:05:25 [info]: Edge added from B to C with weight 4
2025-01-25 10:05:25 [info]: Edge added from C to E with weight 2
2025-01-25 10:05:25 [info]: Edge added from C to D with weight 8
2025-01-25 10:05:25 [info]: Edge added from E to B with weight 3
2025-01-25 10:05:25 [info]: RailroadGraph initialized
2025-01-25 10:05:25 [info]: DistanceCalculator initialized
2025-01-25 10:05:25 [info]: RouteCalculator initialized
2025-01-25 10:05:25 [info]: ShortRouteCalculator initialized
2025-01-25 10:05:25 [info]: RailroadService initialized
2025-01-25 10:05:25 [info]: Getting distance for path: A -> B -> C
2025-01-25 10:05:25 [info]: Calculating distance for path: A -> B -> C
2025-01-25 10:05:25 [info]: Edge distance from A to B: 5
2025-01-25 10:05:25 [info]: Edge distance from B to C: 4
2025-01-25 10:05:25 [info]: Total distance: 9
2025-01-25 10:05:25 [info]: Edge added from A to D with weight 5
2025-01-25 10:05:25 [info]: Edge added from A to E with weight 7
2025-01-25 10:05:25 [info]: Edge added from A to B with weight 5
2025-01-25 10:05:25 [info]: Edge added from D to E with weight 8
2025-01-25 10:05:25 [info]: Edge added from D to C with weight 8
2025-01-25 10:05:25 [info]: Edge added from B to C with weight 4
2025-01-25 10:05:25 [info]: Edge added from C to E with weight 2
2025-01-25 10:05:25 [info]: Edge added from C to D with weight 8
2025-01-25 10:05:25 [info]: Edge added from E to B with weight 3
2025-01-25 10:05:25 [info]: RailroadGraph initialized
2025-01-25 10:05:25 [info]: DistanceCalculator initialized
2025-01-25 10:05:25 [info]: RouteCalculator initialized
2025-01-25 10:05:25 [info]: ShortRouteCalculator initialized
2025-01-25 10:05:25 [info]: RailroadService initialized
2025-01-25 10:05:25 [info]: Getting distance for path: A -> D
2025-01-25 10:05:25 [info]: Calculating distance for path: A -> D
2025-01-25 10:05:25 [info]: Edge distance from A to D: 5
2025-01-25 10:05:25 [info]: Total distance: 5
2025-01-25 10:05:25 [info]: Edge added from A to D with weight 5
2025-01-25 10:05:25 [info]: Edge added from A to E with weight 7
2025-01-25 10:05:25 [info]: Edge added from A to B with weight 5
2025-01-25 10:05:25 [info]: Edge added from D to E with weight 8
2025-01-25 10:05:25 [info]: Edge added from D to C with weight 8
2025-01-25 10:05:25 [info]: Edge added from B to C with weight 4
2025-01-25 10:05:25 [info]: Edge added from C to E with weight 2
2025-01-25 10:05:25 [info]: Edge added from C to D with weight 8
2025-01-25 10:05:25 [info]: Edge added from E to B with weight 3
2025-01-25 10:05:25 [info]: RailroadGraph initialized
2025-01-25 10:05:25 [info]: DistanceCalculator initialized
2025-01-25 10:05:25 [info]: RouteCalculator initialized
2025-01-25 10:05:25 [info]: ShortRouteCalculator initialized
2025-01-25 10:05:25 [info]: RailroadService initialized
2025-01-25 10:05:25 [info]: Getting distance for path: A -> D -> C
2025-01-25 10:05:25 [info]: Calculating distance for path: A -> D -> C
2025-01-25 10:05:25 [info]: Edge distance from A to D: 5
2025-01-25 10:05:25 [info]: Edge distance from D to C: 8
2025-01-25 10:05:25 [info]: Total distance: 13
2025-01-25 10:05:25 [info]: Edge added from A to D with weight 5
2025-01-25 10:05:25 [info]: Edge added from A to E with weight 7
2025-01-25 10:05:25 [info]: Edge added from A to B with weight 5
2025-01-25 10:05:25 [info]: Edge added from D to E with weight 8
2025-01-25 10:05:25 [info]: Edge added from D to C with weight 8
2025-01-25 10:05:25 [info]: Edge added from B to C with weight 4
2025-01-25 10:05:25 [info]: Edge added from C to E with weight 2
2025-01-25 10:05:25 [info]: Edge added from C to D with weight 8
2025-01-25 10:05:25 [info]: Edge added from E to B with weight 3
2025-01-25 10:05:25 [info]: RailroadGraph initialized
2025-01-25 10:05:25 [info]: DistanceCalculator initialized
2025-01-25 10:05:25 [info]: RouteCalculator initialized
2025-01-25 10:05:25 [info]: ShortRouteCalculator initialized
2025-01-25 10:05:25 [info]: RailroadService initialized
2025-01-25 10:05:25 [info]: Getting distance for path: A -> E -> B -> C -> D
2025-01-25 10:05:25 [info]: Calculating distance for path: A -> E -> B -> C -> D
2025-01-25 10:05:25 [info]: Edge distance from A to E: 7
2025-01-25 10:05:25 [info]: Edge distance from E to B: 3
2025-01-25 10:05:25 [info]: Edge distance from B to C: 4
2025-01-25 10:05:25 [info]: Edge distance from C to D: 8
2025-01-25 10:05:25 [info]: Total distance: 22
2025-01-25 10:05:25 [info]: Edge added from A to D with weight 5
2025-01-25 10:05:25 [info]: Edge added from A to E with weight 7
2025-01-25 10:05:25 [info]: Edge added from A to B with weight 5
2025-01-25 10:05:25 [info]: Edge added from D to E with weight 8
2025-01-25 10:05:25 [info]: Edge added from D to C with weight 8
2025-01-25 10:05:25 [info]: Edge added from B to C with weight 4
2025-01-25 10:05:25 [info]: Edge added from C to E with weight 2
2025-01-25 10:05:25 [info]: Edge added from C to D with weight 8
2025-01-25 10:05:25 [info]: Edge added from E to B with weight 3
2025-01-25 10:05:25 [info]: RailroadGraph initialized
2025-01-25 10:05:25 [info]: DistanceCalculator initialized
2025-01-25 10:05:25 [info]: RouteCalculator initialized
2025-01-25 10:05:25 [info]: ShortRouteCalculator initialized
2025-01-25 10:05:25 [info]: RailroadService initialized
2025-01-25 10:05:25 [info]: Getting distance for path: A -> E -> D
2025-01-25 10:05:25 [info]: Calculating distance for path: A -> E -> D
2025-01-25 10:05:25 [info]: Edge distance from A to E: 7
2025-01-25 10:05:25 [info]: Edge distance from E to D: null
2025-01-25 10:05:25 [info]: Edge added from A to D with weight 5
2025-01-25 10:05:25 [info]: Edge added from A to E with weight 7
2025-01-25 10:05:25 [info]: Edge added from A to B with weight 5
2025-01-25 10:05:25 [info]: Edge added from D to E with weight 8
2025-01-25 10:05:25 [info]: Edge added from D to C with weight 8
2025-01-25 10:05:25 [info]: Edge added from B to C with weight 4
2025-01-25 10:05:25 [info]: Edge added from C to E with weight 2
2025-01-25 10:05:25 [info]: Edge added from C to D with weight 8
2025-01-25 10:05:25 [info]: Edge added from E to B with weight 3
2025-01-25 10:05:25 [info]: RailroadGraph initialized
2025-01-25 10:05:25 [info]: DistanceCalculator initialized
2025-01-25 10:05:25 [info]: RouteCalculator initialized
2025-01-25 10:05:25 [info]: ShortRouteCalculator initialized
2025-01-25 10:05:25 [info]: RailroadService initialized
2025-01-25 10:05:25 [info]: Getting distance for path: A -> E -> K
2025-01-25 10:05:25 [info]: Calculating distance for path: A -> E -> K
2025-01-25 10:05:25 [info]: Edge distance from A to E: 7
2025-01-25 10:05:25 [info]: Edge distance from E to K: null
2025-01-25 10:05:25 [info]: Edge added from A to D with weight 5
2025-01-25 10:05:25 [info]: Edge added from A to E with weight 7
2025-01-25 10:05:25 [info]: Edge added from A to B with weight 5
2025-01-25 10:05:25 [info]: Edge added from D to E with weight 8
2025-01-25 10:05:25 [info]: Edge added from D to C with weight 8
2025-01-25 10:05:25 [info]: Edge added from B to C with weight 4
2025-01-25 10:05:25 [info]: Edge added from C to E with weight 2
2025-01-25 10:05:25 [info]: Edge added from C to D with weight 8
2025-01-25 10:05:26 [info]: Edge added from E to B with weight 3
2025-01-25 10:05:26 [info]: RailroadGraph initialized
2025-01-25 10:05:26 [info]: DistanceCalculator initialized
2025-01-25 10:05:26 [info]: RouteCalculator initialized
2025-01-25 10:05:26 [info]: ShortRouteCalculator initialized
2025-01-25 10:05:26 [info]: RailroadService initialized
2025-01-25 10:05:26 [info]: Getting routes from C to C with maximum 3 stops
2025-01-25 10:05:26 [info]: Calculating routes from C to C with maximum 3 stops
2025-01-25 10:05:26 [info]: Found 2 routes
2025-01-25 10:05:26 [info]: Edge added from A to D with weight 5
2025-01-25 10:05:26 [info]: Edge added from A to E with weight 7
2025-01-25 10:05:26 [info]: Edge added from A to B with weight 5
2025-01-25 10:05:26 [info]: Edge added from D to E with weight 8
2025-01-25 10:05:26 [info]: Edge added from D to C with weight 8
2025-01-25 10:05:26 [info]: Edge added from B to C with weight 4
2025-01-25 10:05:26 [info]: Edge added from C to E with weight 2
2025-01-25 10:05:26 [info]: Edge added from C to D with weight 8
2025-01-25 10:05:26 [info]: Edge added from E to B with weight 3
2025-01-25 10:05:26 [info]: RailroadGraph initialized
2025-01-25 10:05:26 [info]: DistanceCalculator initialized
2025-01-25 10:05:26 [info]: RouteCalculator initialized
2025-01-25 10:05:26 [info]: ShortRouteCalculator initialized
2025-01-25 10:05:26 [info]: RailroadService initialized
2025-01-25 10:05:26 [info]: Getting routes from A to C with exactly 4 stops
2025-01-25 10:05:26 [info]: Calculating routes from A to C with exactly 4 stops
2025-01-25 10:05:26 [info]: Found 1 routes
2025-01-25 10:05:26 [info]: Edge added from A to D with weight 5
2025-01-25 10:05:26 [info]: Edge added from A to E with weight 7
2025-01-25 10:05:26 [info]: Edge added from A to B with weight 5
2025-01-25 10:05:26 [info]: Edge added from D to E with weight 8
2025-01-25 10:05:26 [info]: Edge added from D to C with weight 8
2025-01-25 10:05:26 [info]: Edge added from B to C with weight 4
2025-01-25 10:05:26 [info]: Edge added from C to E with weight 2
2025-01-25 10:05:26 [info]: Edge added from C to D with weight 8
2025-01-25 10:05:26 [info]: Edge added from E to B with weight 3
2025-01-25 10:05:26 [info]: RailroadGraph initialized
2025-01-25 10:05:26 [info]: DistanceCalculator initialized
2025-01-25 10:05:26 [info]: RouteCalculator initialized
2025-01-25 10:05:26 [info]: ShortRouteCalculator initialized
2025-01-25 10:05:26 [info]: RailroadService initialized
2025-01-25 10:05:26 [info]: Getting shortest route from A to C
2025-01-25 10:05:26 [info]: Calculating shortest route from A to C
2025-01-25 10:05:26 [info]: Shortest route distance: 9
2025-01-25 10:05:26 [info]: Edge added from A to D with weight 5
2025-01-25 10:05:26 [info]: Edge added from A to E with weight 7
2025-01-25 10:05:26 [info]: Edge added from A to B with weight 5
2025-01-25 10:05:26 [info]: Edge added from D to E with weight 8
2025-01-25 10:05:26 [info]: Edge added from D to C with weight 8
2025-01-25 10:05:26 [info]: Edge added from B to C with weight 4
2025-01-25 10:05:26 [info]: Edge added from C to E with weight 2
2025-01-25 10:05:26 [info]: Edge added from C to D with weight 8
2025-01-25 10:05:26 [info]: Edge added from E to B with weight 3
2025-01-25 10:05:26 [info]: RailroadGraph initialized
2025-01-25 10:05:26 [info]: DistanceCalculator initialized
2025-01-25 10:05:26 [info]: RouteCalculator initialized
2025-01-25 10:05:26 [info]: ShortRouteCalculator initialized
2025-01-25 10:05:26 [info]: RailroadService initialized
2025-01-25 10:05:26 [info]: Getting shortest route from B to B
2025-01-25 10:05:26 [info]: Calculating shortest route from B to B
2025-01-25 10:05:26 [info]: Shortest route distance: 9
2025-01-25 10:05:26 [info]: Edge added from A to D with weight 5
2025-01-25 10:05:26 [info]: Edge added from A to E with weight 7
2025-01-25 10:05:26 [info]: Edge added from A to B with weight 5
2025-01-25 10:05:26 [info]: Edge added from D to E with weight 8
2025-01-25 10:05:26 [info]: Edge added from D to C with weight 8
2025-01-25 10:05:26 [info]: Edge added from B to C with weight 4
2025-01-25 10:05:26 [info]: Edge added from C to E with weight 2
2025-01-25 10:05:26 [info]: Edge added from C to D with weight 8
2025-01-25 10:05:26 [info]: Edge added from E to B with weight 3
2025-01-25 10:05:26 [info]: RailroadGraph initialized
2025-01-25 10:05:26 [info]: DistanceCalculator initialized
2025-01-25 10:05:26 [info]: RouteCalculator initialized
2025-01-25 10:05:26 [info]: ShortRouteCalculator initialized
2025-01-25 10:05:26 [info]: RailroadService initialized
2025-01-25 10:05:26 [info]: Getting shortest route from B to K
2025-01-25 10:05:26 [info]: Calculating shortest route from B to K
2025-01-25 10:05:26 [error]: NO SUCH ROUTE
2025-01-25 10:05:26 [info]: Edge added from A to D with weight 5
2025-01-25 10:05:26 [info]: Edge added from A to E with weight 7
2025-01-25 10:05:26 [info]: Edge added from A to B with weight 5
2025-01-25 10:05:26 [info]: Edge added from D to E with weight 8
2025-01-25 10:05:26 [info]: Edge added from D to C with weight 8
2025-01-25 10:05:26 [info]: Edge added from B to C with weight 4
2025-01-25 10:05:26 [info]: Edge added from C to E with weight 2
2025-01-25 10:05:26 [info]: Edge added from C to D with weight 8
2025-01-25 10:05:26 [info]: Edge added from E to B with weight 3
2025-01-25 10:05:26 [info]: RailroadGraph initialized
2025-01-25 10:05:26 [info]: DistanceCalculator initialized
2025-01-25 10:05:26 [info]: RouteCalculator initialized
2025-01-25 10:05:26 [info]: ShortRouteCalculator initialized
2025-01-25 10:05:26 [info]: RailroadService initialized
2025-01-25 10:05:26 [info]: Getting all routes from C to C with maximum distance 30
2025-01-25 10:05:26 [info]: Calculating all routes from C to C with maximum distance 30
2025-01-25 10:05:26 [info]: Found 3 routes
2025-01-25 10:15:46 [info]: Edge added from A to D with weight 5
2025-01-25 10:15:46 [info]: Edge added from A to E with weight 7
2025-01-25 10:15:46 [info]: Edge added from A to B with weight 5
2025-01-25 10:15:46 [info]: Edge added from D to E with weight 8
2025-01-25 10:15:46 [info]: Edge added from D to C with weight 8
2025-01-25 10:15:46 [info]: Edge added from B to C with weight 4
2025-01-25 10:15:46 [info]: Edge added from C to E with weight 2
2025-01-25 10:15:46 [info]: Edge added from C to D with weight 8
2025-01-25 10:15:46 [info]: Edge added from E to B with weight 3
2025-01-25 10:15:46 [info]: RailroadGraph initialized
2025-01-25 10:15:46 [info]: DistanceCalculator initialized
2025-01-25 10:15:46 [info]: RouteCalculator initialized
2025-01-25 10:15:46 [info]: ShortRouteCalculator initialized
2025-01-25 10:15:46 [info]: RailroadService initialized
2025-01-25 10:15:46 [info]: Getting shortest route from B to K
2025-01-25 10:15:46 [info]: Calculating shortest route from B to K
2025-01-25 10:15:46 [error]: NO SUCH ROUTE
2025-01-25 10:49:14 [info]: Edge added from A to D with weight 5
2025-01-25 10:49:14 [info]: Edge added from A to E with weight 7
2025-01-25 10:49:14 [info]: Edge added from A to B with weight 5
2025-01-25 10:49:14 [info]: Edge added from D to E with weight 8
2025-01-25 10:49:14 [info]: Edge added from D to C with weight 8
2025-01-25 10:49:14 [info]: Edge added from B to C with weight 4
2025-01-25 10:49:14 [info]: Edge added from C to E with weight 2
2025-01-25 10:49:14 [info]: Edge added from C to D with weight 8
2025-01-25 10:49:14 [info]: Edge added from E to B with weight 3
2025-01-25 10:49:14 [info]: RailroadGraph initialized
2025-01-25 10:49:14 [info]: DistanceCalculator initialized
2025-01-25 10:49:14 [info]: RouteCalculator initialized
2025-01-25 10:49:14 [info]: ShortRouteCalculator initialized
2025-01-25 10:49:14 [info]: RailroadService initialized
2025-01-25 10:49:14 [info]: Getting distance for path: A -> B -> C
2025-01-25 10:49:14 [info]: Calculating distance for path: A -> B -> C
2025-01-25 10:49:14 [info]: Edge distance from A to B: 5
2025-01-25 10:49:14 [info]: Edge distance from B to C: 4
2025-01-25 10:49:14 [info]: Total distance: 9
2025-01-25 10:49:14 [info]: Edge added from A to D with weight 5
2025-01-25 10:49:14 [info]: Edge added from A to E with weight 7
2025-01-25 10:49:14 [info]: Edge added from A to B with weight 5
2025-01-25 10:49:14 [info]: Edge added from D to E with weight 8
2025-01-25 10:49:14 [info]: Edge added from D to C with weight 8
2025-01-25 10:49:14 [info]: Edge added from B to C with weight 4
2025-01-25 10:49:14 [info]: Edge added from C to E with weight 2
2025-01-25 10:49:14 [info]: Edge added from C to D with weight 8
2025-01-25 10:49:14 [info]: Edge added from E to B with weight 3
2025-01-25 10:49:14 [info]: RailroadGraph initialized
2025-01-25 10:49:14 [info]: DistanceCalculator initialized
2025-01-25 10:49:14 [info]: RouteCalculator initialized
2025-01-25 10:49:14 [info]: ShortRouteCalculator initialized
2025-01-25 10:49:14 [info]: RailroadService initialized
2025-01-25 10:49:14 [info]: Getting distance for path: A -> D
2025-01-25 10:49:14 [info]: Calculating distance for path: A -> D
2025-01-25 10:49:14 [info]: Edge distance from A to D: 5
2025-01-25 10:49:14 [info]: Total distance: 5
2025-01-25 10:49:14 [info]: Edge added from A to D with weight 5
2025-01-25 10:49:14 [info]: Edge added from A to E with weight 7
2025-01-25 10:49:14 [info]: Edge added from A to B with weight 5
2025-01-25 10:49:14 [info]: Edge added from D to E with weight 8
2025-01-25 10:49:14 [info]: Edge added from D to C with weight 8
2025-01-25 10:49:14 [info]: Edge added from B to C with weight 4
2025-01-25 10:49:14 [info]: Edge added from C to E with weight 2
2025-01-25 10:49:14 [info]: Edge added from C to D with weight 8
2025-01-25 10:49:14 [info]: Edge added from E to B with weight 3
2025-01-25 10:49:14 [info]: RailroadGraph initialized
2025-01-25 10:49:14 [info]: DistanceCalculator initialized
2025-01-25 10:49:14 [info]: RouteCalculator initialized
2025-01-25 10:49:14 [info]: ShortRouteCalculator initialized
2025-01-25 10:49:14 [info]: RailroadService initialized
2025-01-25 10:49:14 [info]: Getting distance for path: A -> D -> C
2025-01-25 10:49:14 [info]: Calculating distance for path: A -> D -> C
2025-01-25 10:49:14 [info]: Edge distance from A to D: 5
2025-01-25 10:49:14 [info]: Edge distance from D to C: 8
2025-01-25 10:49:14 [info]: Total distance: 13
2025-01-25 10:49:14 [info]: Edge added from A to D with weight 5
2025-01-25 10:49:14 [info]: Edge added from A to E with weight 7
2025-01-25 10:49:14 [info]: Edge added from A to B with weight 5
2025-01-25 10:49:14 [info]: Edge added from D to E with weight 8
2025-01-25 10:49:14 [info]: Edge added from D to C with weight 8
2025-01-25 10:49:14 [info]: Edge added from B to C with weight 4
2025-01-25 10:49:14 [info]: Edge added from C to E with weight 2
2025-01-25 10:49:14 [info]: Edge added from C to D with weight 8
2025-01-25 10:49:14 [info]: Edge added from E to B with weight 3
2025-01-25 10:49:14 [info]: RailroadGraph initialized
2025-01-25 10:49:14 [info]: DistanceCalculator initialized
2025-01-25 10:49:14 [info]: RouteCalculator initialized
2025-01-25 10:49:14 [info]: ShortRouteCalculator initialized
2025-01-25 10:49:14 [info]: RailroadService initialized
2025-01-25 10:49:14 [info]: Getting distance for path: A -> E -> B -> C -> D
2025-01-25 10:49:14 [info]: Calculating distance for path: A -> E -> B -> C -> D
2025-01-25 10:49:14 [info]: Edge distance from A to E: 7
2025-01-25 10:49:14 [info]: Edge distance from E to B: 3
2025-01-25 10:49:14 [info]: Edge distance from B to C: 4
2025-01-25 10:49:14 [info]: Edge distance from C to D: 8
2025-01-25 10:49:14 [info]: Total distance: 22
2025-01-25 10:49:14 [info]: Edge added from A to D with weight 5
2025-01-25 10:49:14 [info]: Edge added from A to E with weight 7
2025-01-25 10:49:14 [info]: Edge added from A to B with weight 5
2025-01-25 10:49:14 [info]: Edge added from D to E with weight 8
2025-01-25 10:49:14 [info]: Edge added from D to C with weight 8
2025-01-25 10:49:14 [info]: Edge added from B to C with weight 4
2025-01-25 10:49:14 [info]: Edge added from C to E with weight 2
2025-01-25 10:49:14 [info]: Edge added from C to D with weight 8
2025-01-25 10:49:14 [info]: Edge added from E to B with weight 3
2025-01-25 10:49:14 [info]: RailroadGraph initialized
2025-01-25 10:49:14 [info]: DistanceCalculator initialized
2025-01-25 10:49:14 [info]: RouteCalculator initialized
2025-01-25 10:49:14 [info]: ShortRouteCalculator initialized
2025-01-25 10:49:14 [info]: RailroadService initialized
2025-01-25 10:49:14 [info]: Getting distance for path: A -> E -> D
2025-01-25 10:49:14 [info]: Calculating distance for path: A -> E -> D
2025-01-25 10:49:14 [info]: Edge distance from A to E: 7
2025-01-25 10:49:14 [info]: Edge distance from E to D: null
2025-01-25 10:49:14 [info]: Edge added from A to D with weight 5
2025-01-25 10:49:14 [info]: Edge added from A to E with weight 7
2025-01-25 10:49:14 [info]: Edge added from A to B with weight 5
2025-01-25 10:49:14 [info]: Edge added from D to E with weight 8
2025-01-25 10:49:14 [info]: Edge added from D to C with weight 8
2025-01-25 10:49:14 [info]: Edge added from B to C with weight 4
2025-01-25 10:49:14 [info]: Edge added from C to E with weight 2
2025-01-25 10:49:14 [info]: Edge added from C to D with weight 8
2025-01-25 10:49:14 [info]: Edge added from E to B with weight 3
2025-01-25 10:49:14 [info]: RailroadGraph initialized
2025-01-25 10:49:14 [info]: DistanceCalculator initialized
2025-01-25 10:49:14 [info]: RouteCalculator initialized
2025-01-25 10:49:14 [info]: ShortRouteCalculator initialized
2025-01-25 10:49:14 [info]: RailroadService initialized
2025-01-25 10:49:14 [info]: Getting distance for path: A -> E -> K
2025-01-25 10:49:14 [info]: Calculating distance for path: A -> E -> K
2025-01-25 10:49:14 [info]: Edge distance from A to E: 7
2025-01-25 10:49:14 [info]: Edge distance from E to K: null
2025-01-25 10:49:14 [info]: Edge added from A to D with weight 5
2025-01-25 10:49:14 [info]: Edge added from A to E with weight 7
2025-01-25 10:49:14 [info]: Edge added from A to B with weight 5
2025-01-25 10:49:14 [info]: Edge added from D to E with weight 8
2025-01-25 10:49:14 [info]: Edge added from D to C with weight 8
2025-01-25 10:49:14 [info]: Edge added from B to C with weight 4
2025-01-25 10:49:14 [info]: Edge added from C to E with weight 2
2025-01-25 10:49:14 [info]: Edge added from C to D with weight 8
2025-01-25 10:49:14 [info]: Edge added from E to B with weight 3
2025-01-25 10:49:14 [info]: RailroadGraph initialized
2025-01-25 10:49:14 [info]: DistanceCalculator initialized
2025-01-25 10:49:14 [info]: RouteCalculator initialized
2025-01-25 10:49:14 [info]: ShortRouteCalculator initialized
2025-01-25 10:49:14 [info]: RailroadService initialized
2025-01-25 10:49:14 [info]: Getting routes from C to C with maximum 3 stops
2025-01-25 10:49:14 [info]: Calculating routes from C to C with maximum 3 stops
2025-01-25 10:49:14 [info]: Found 2 routes
2025-01-25 10:49:14 [info]: Edge added from A to D with weight 5
2025-01-25 10:49:14 [info]: Edge added from A to E with weight 7
2025-01-25 10:49:14 [info]: Edge added from A to B with weight 5
2025-01-25 10:49:14 [info]: Edge added from D to E with weight 8
2025-01-25 10:49:14 [info]: Edge added from D to C with weight 8
2025-01-25 10:49:14 [info]: Edge added from B to C with weight 4
2025-01-25 10:49:14 [info]: Edge added from C to E with weight 2
2025-01-25 10:49:14 [info]: Edge added from C to D with weight 8
2025-01-25 10:49:14 [info]: Edge added from E to B with weight 3
2025-01-25 10:49:14 [info]: RailroadGraph initialized
2025-01-25 10:49:14 [info]: DistanceCalculator initialized
2025-01-25 10:49:14 [info]: RouteCalculator initialized
2025-01-25 10:49:14 [info]: ShortRouteCalculator initialized
2025-01-25 10:49:14 [info]: RailroadService initialized
2025-01-25 10:49:14 [info]: Getting routes from A to C with exactly 4 stops
2025-01-25 10:49:14 [info]: Calculating routes from A to C with exactly 4 stops
2025-01-25 10:49:14 [info]: Found 1 routes
2025-01-25 10:49:14 [info]: Edge added from A to D with weight 5
2025-01-25 10:49:14 [info]: Edge added from A to E with weight 7
2025-01-25 10:49:14 [info]: Edge added from A to B with weight 5
2025-01-25 10:49:14 [info]: Edge added from D to E with weight 8
2025-01-25 10:49:14 [info]: Edge added from D to C with weight 8
2025-01-25 10:49:14 [info]: Edge added from B to C with weight 4
2025-01-25 10:49:14 [info]: Edge added from C to E with weight 2
2025-01-25 10:49:14 [info]: Edge added from C to D with weight 8
2025-01-25 10:49:14 [info]: Edge added from E to B with weight 3
2025-01-25 10:49:14 [info]: RailroadGraph initialized
2025-01-25 10:49:14 [info]: DistanceCalculator initialized
2025-01-25 10:49:14 [info]: RouteCalculator initialized
2025-01-25 10:49:14 [info]: ShortRouteCalculator initialized
2025-01-25 10:49:14 [info]: RailroadService initialized
2025-01-25 10:49:14 [info]: Getting shortest route from A to C
2025-01-25 10:49:14 [info]: Calculating shortest route from A to C
2025-01-25 10:49:14 [info]: Shortest route distance: 9
2025-01-25 10:49:14 [info]: Edge added from A to D with weight 5
2025-01-25 10:49:14 [info]: Edge added from A to E with weight 7
2025-01-25 10:49:14 [info]: Edge added from A to B with weight 5
2025-01-25 10:49:14 [info]: Edge added from D to E with weight 8
2025-01-25 10:49:14 [info]: Edge added from D to C with weight 8
2025-01-25 10:49:14 [info]: Edge added from B to C with weight 4
2025-01-25 10:49:14 [info]: Edge added from C to E with weight 2
2025-01-25 10:49:14 [info]: Edge added from C to D with weight 8
2025-01-25 10:49:14 [info]: Edge added from E to B with weight 3
2025-01-25 10:49:14 [info]: RailroadGraph initialized
2025-01-25 10:49:14 [info]: DistanceCalculator initialized
2025-01-25 10:49:14 [info]: RouteCalculator initialized
2025-01-25 10:49:14 [info]: ShortRouteCalculator initialized
2025-01-25 10:49:14 [info]: RailroadService initialized
2025-01-25 10:49:14 [info]: Getting shortest route from B to B
2025-01-25 10:49:14 [info]: Calculating shortest route from B to B
2025-01-25 10:49:14 [info]: Shortest route distance: 9
2025-01-25 10:49:14 [info]: Edge added from A to D with weight 5
2025-01-25 10:49:14 [info]: Edge added from A to E with weight 7
2025-01-25 10:49:14 [info]: Edge added from A to B with weight 5
2025-01-25 10:49:14 [info]: Edge added from D to E with weight 8
2025-01-25 10:49:14 [info]: Edge added from D to C with weight 8
2025-01-25 10:49:14 [info]: Edge added from B to C with weight 4
2025-01-25 10:49:14 [info]: Edge added from C to E with weight 2
2025-01-25 10:49:14 [info]: Edge added from C to D with weight 8
2025-01-25 10:49:14 [info]: Edge added from E to B with weight 3
2025-01-25 10:49:14 [info]: RailroadGraph initialized
2025-01-25 10:49:14 [info]: DistanceCalculator initialized
2025-01-25 10:49:14 [info]: RouteCalculator initialized
2025-01-25 10:49:14 [info]: ShortRouteCalculator initialized
2025-01-25 10:49:14 [info]: RailroadService initialized
2025-01-25 10:49:14 [info]: Getting shortest route from B to K
2025-01-25 10:49:14 [info]: Calculating shortest route from B to K
2025-01-25 10:49:14 [error]: NO SUCH ROUTE
2025-01-25 10:49:14 [info]: Edge added from A to D with weight 5
2025-01-25 10:49:14 [info]: Edge added from A to E with weight 7
2025-01-25 10:49:14 [info]: Edge added from A to B with weight 5
2025-01-25 10:49:14 [info]: Edge added from D to E with weight 8
2025-01-25 10:49:14 [info]: Edge added from D to C with weight 8
2025-01-25 10:49:14 [info]: Edge added from B to C with weight 4
2025-01-25 10:49:14 [info]: Edge added from C to E with weight 2
2025-01-25 10:49:14 [info]: Edge added from C to D with weight 8
2025-01-25 10:49:14 [info]: Edge added from E to B with weight 3
2025-01-25 10:49:14 [info]: RailroadGraph initialized
2025-01-25 10:49:14 [info]: DistanceCalculator initialized
2025-01-25 10:49:14 [info]: RouteCalculator initialized
2025-01-25 10:49:14 [info]: ShortRouteCalculator initialized
2025-01-25 10:49:14 [info]: RailroadService initialized
2025-01-25 10:49:14 [info]: Getting all routes from C to C with maximum distance 30
2025-01-25 10:49:14 [info]: Calculating all routes from C to C with maximum distance 30
2025-01-25 10:49:14 [info]: Found 3 routes
2025-01-25 14:31:17 [info]: Edge added from A to D with weight 5
2025-01-25 14:31:17 [info]: Edge added from A to E with weight 7
2025-01-25 14:31:17 [info]: Edge added from A to B with weight 5
2025-01-25 14:31:17 [info]: Edge added from D to E with weight 8
2025-01-25 14:31:17 [info]: Edge added from D to C with weight 8
2025-01-25 14:31:17 [info]: Edge added from B to C with weight 4
2025-01-25 14:31:17 [info]: Edge added from C to E with weight 2
2025-01-25 14:31:17 [info]: Edge added from C to D with weight 8
2025-01-25 14:31:17 [info]: Edge added from E to B with weight 3
2025-01-25 14:31:17 [info]: RailroadGraph initialized
2025-01-25 14:31:17 [info]: DistanceCalculator initialized
2025-01-25 14:31:17 [info]: RouteCalculator initialized
2025-01-25 14:31:17 [info]: ShortRouteCalculator initialized
2025-01-25 14:31:17 [info]: RailroadService initialized
2025-01-25 14:31:17 [info]: Getting distance for path: A -> B -> C
2025-01-25 14:31:17 [info]: Calculating distance for path: A -> B -> C
2025-01-25 14:31:17 [info]: Edge distance from A to B: 5
2025-01-25 14:31:17 [info]: Edge distance from B to C: 4
2025-01-25 14:31:17 [info]: Total distance: 9
2025-01-25 14:31:17 [info]: Edge added from A to D with weight 5
2025-01-25 14:31:17 [info]: Edge added from A to E with weight 7
2025-01-25 14:31:17 [info]: Edge added from A to B with weight 5
2025-01-25 14:31:17 [info]: Edge added from D to E with weight 8
2025-01-25 14:31:17 [info]: Edge added from D to C with weight 8
2025-01-25 14:31:17 [info]: Edge added from B to C with weight 4
2025-01-25 14:31:17 [info]: Edge added from C to E with weight 2
2025-01-25 14:31:17 [info]: Edge added from C to D with weight 8
2025-01-25 14:31:17 [info]: Edge added from E to B with weight 3
2025-01-25 14:31:17 [info]: RailroadGraph initialized
2025-01-25 14:31:17 [info]: DistanceCalculator initialized
2025-01-25 14:31:17 [info]: RouteCalculator initialized
2025-01-25 14:31:17 [info]: ShortRouteCalculator initialized
2025-01-25 14:31:17 [info]: RailroadService initialized
2025-01-25 14:31:17 [info]: Getting distance for path: A -> D
2025-01-25 14:31:17 [info]: Calculating distance for path: A -> D
2025-01-25 14:31:17 [info]: Edge distance from A to D: 5
2025-01-25 14:31:17 [info]: Total distance: 5
2025-01-25 14:31:17 [info]: Edge added from A to D with weight 5
2025-01-25 14:31:17 [info]: Edge added from A to E with weight 7
2025-01-25 14:31:17 [info]: Edge added from A to B with weight 5
2025-01-25 14:31:17 [info]: Edge added from D to E with weight 8
2025-01-25 14:31:17 [info]: Edge added from D to C with weight 8
2025-01-25 14:31:17 [info]: Edge added from B to C with weight 4
2025-01-25 14:31:17 [info]: Edge added from C to E with weight 2
2025-01-25 14:31:17 [info]: Edge added from C to D with weight 8
2025-01-25 14:31:17 [info]: Edge added from E to B with weight 3
2025-01-25 14:31:17 [info]: RailroadGraph initialized
2025-01-25 14:31:17 [info]: DistanceCalculator initialized
2025-01-25 14:31:17 [info]: RouteCalculator initialized
2025-01-25 14:31:17 [info]: ShortRouteCalculator initialized
2025-01-25 14:31:17 [info]: RailroadService initialized
2025-01-25 14:31:17 [info]: Getting distance for path: A -> D -> C
2025-01-25 14:31:17 [info]: Calculating distance for path: A -> D -> C
2025-01-25 14:31:17 [info]: Edge distance from A to D: 5
2025-01-25 14:31:17 [info]: Edge distance from D to C: 8
2025-01-25 14:31:17 [info]: Total distance: 13
2025-01-25 14:31:17 [info]: Edge added from A to D with weight 5
2025-01-25 14:31:17 [info]: Edge added from A to E with weight 7
2025-01-25 14:31:17 [info]: Edge added from A to B with weight 5
2025-01-25 14:31:17 [info]: Edge added from D to E with weight 8
2025-01-25 14:31:17 [info]: Edge added from D to C with weight 8
2025-01-25 14:31:17 [info]: Edge added from B to C with weight 4
2025-01-25 14:31:17 [info]: Edge added from C to E with weight 2
2025-01-25 14:31:17 [info]: Edge added from C to D with weight 8
2025-01-25 14:31:17 [info]: Edge added from E to B with weight 3
2025-01-25 14:31:17 [info]: RailroadGraph initialized
2025-01-25 14:31:17 [info]: DistanceCalculator initialized
2025-01-25 14:31:17 [info]: RouteCalculator initialized
2025-01-25 14:31:17 [info]: ShortRouteCalculator initialized
2025-01-25 14:31:17 [info]: RailroadService initialized
2025-01-25 14:31:17 [info]: Getting distance for path: A -> E -> B -> C -> D
2025-01-25 14:31:17 [info]: Calculating distance for path: A -> E -> B -> C -> D
2025-01-25 14:31:17 [info]: Edge distance from A to E: 7
2025-01-25 14:31:17 [info]: Edge distance from E to B: 3
2025-01-25 14:31:17 [info]: Edge distance from B to C: 4
2025-01-25 14:31:17 [info]: Edge distance from C to D: 8
2025-01-25 14:31:17 [info]: Total distance: 22
2025-01-25 14:31:17 [info]: Edge added from A to D with weight 5
2025-01-25 14:31:17 [info]: Edge added from A to E with weight 7
2025-01-25 14:31:17 [info]: Edge added from A to B with weight 5
2025-01-25 14:31:17 [info]: Edge added from D to E with weight 8
2025-01-25 14:31:17 [info]: Edge added from D to C with weight 8
2025-01-25 14:31:17 [info]: Edge added from B to C with weight 4
2025-01-25 14:31:17 [info]: Edge added from C to E with weight 2
2025-01-25 14:31:17 [info]: Edge added from C to D with weight 8
2025-01-25 14:31:17 [info]: Edge added from E to B with weight 3
2025-01-25 14:31:17 [info]: RailroadGraph initialized
2025-01-25 14:31:17 [info]: DistanceCalculator initialized
2025-01-25 14:31:17 [info]: RouteCalculator initialized
2025-01-25 14:31:17 [info]: ShortRouteCalculator initialized
2025-01-25 14:31:17 [info]: RailroadService initialized
2025-01-25 14:31:17 [info]: Getting distance for path: A -> E -> D
2025-01-25 14:31:17 [info]: Calculating distance for path: A -> E -> D
2025-01-25 14:31:17 [info]: Edge distance from A to E: 7
2025-01-25 14:31:17 [info]: Edge distance from E to D: null
2025-01-25 14:31:17 [info]: Edge added from A to D with weight 5
2025-01-25 14:31:17 [info]: Edge added from A to E with weight 7
2025-01-25 14:31:17 [info]: Edge added from A to B with weight 5
2025-01-25 14:31:17 [info]: Edge added from D to E with weight 8
2025-01-25 14:31:17 [info]: Edge added from D to C with weight 8
2025-01-25 14:31:17 [info]: Edge added from B to C with weight 4
2025-01-25 14:31:17 [info]: Edge added from C to E with weight 2
2025-01-25 14:31:17 [info]: Edge added from C to D with weight 8
2025-01-25 14:31:17 [info]: Edge added from E to B with weight 3
2025-01-25 14:31:17 [info]: RailroadGraph initialized
2025-01-25 14:31:17 [info]: DistanceCalculator initialized
2025-01-25 14:31:17 [info]: RouteCalculator initialized
2025-01-25 14:31:17 [info]: ShortRouteCalculator initialized
2025-01-25 14:31:17 [info]: RailroadService initialized
2025-01-25 14:31:17 [info]: Getting distance for path: A -> E -> K
2025-01-25 14:31:17 [info]: Calculating distance for path: A -> E -> K
2025-01-25 14:31:17 [info]: Edge distance from A to E: 7
2025-01-25 14:31:17 [info]: Edge distance from E to K: null
2025-01-25 14:31:17 [info]: Edge added from A to D with weight 5
2025-01-25 14:31:17 [info]: Edge added from A to E with weight 7
2025-01-25 14:31:17 [info]: Edge added from A to B with weight 5
2025-01-25 14:31:17 [info]: Edge added from D to E with weight 8
2025-01-25 14:31:17 [info]: Edge added from D to C with weight 8
2025-01-25 14:31:17 [info]: Edge added from B to C with weight 4
2025-01-25 14:31:17 [info]: Edge added from C to E with weight 2
2025-01-25 14:31:17 [info]: Edge added from C to D with weight 8
2025-01-25 14:31:17 [info]: Edge added from E to B with weight 3
2025-01-25 14:31:17 [info]: RailroadGraph initialized
2025-01-25 14:31:17 [info]: DistanceCalculator initialized
2025-01-25 14:31:17 [info]: RouteCalculator initialized
2025-01-25 14:31:17 [info]: ShortRouteCalculator initialized
2025-01-25 14:31:17 [info]: RailroadService initialized
2025-01-25 14:31:17 [info]: Getting routes from C to C with maximum 3 stops
2025-01-25 14:31:17 [info]: Calculating routes from C to C with maximum 3 stops
2025-01-25 14:31:17 [info]: Found 2 routes
2025-01-25 14:31:17 [info]: Edge added from A to D with weight 5
2025-01-25 14:31:17 [info]: Edge added from A to E with weight 7
2025-01-25 14:31:17 [info]: Edge added from A to B with weight 5
2025-01-25 14:31:17 [info]: Edge added from D to E with weight 8
2025-01-25 14:31:17 [info]: Edge added from D to C with weight 8
2025-01-25 14:31:17 [info]: Edge added from B to C with weight 4
2025-01-25 14:31:17 [info]: Edge added from C to E with weight 2
2025-01-25 14:31:17 [info]: Edge added from C to D with weight 8
2025-01-25 14:31:17 [info]: Edge added from E to B with weight 3
2025-01-25 14:31:17 [info]: RailroadGraph initialized
2025-01-25 14:31:17 [info]: DistanceCalculator initialized
2025-01-25 14:31:17 [info]: RouteCalculator initialized
2025-01-25 14:31:17 [info]: ShortRouteCalculator initialized
2025-01-25 14:31:17 [info]: RailroadService initialized
2025-01-25 14:31:17 [info]: Getting routes from A to C with exactly 4 stops
2025-01-25 14:31:17 [info]: Calculating routes from A to C with exactly 4 stops
2025-01-25 14:31:17 [info]: Found 1 routes
2025-01-25 14:31:17 [info]: Edge added from A to D with weight 5
2025-01-25 14:31:17 [info]: Edge added from A to E with weight 7
2025-01-25 14:31:17 [info]: Edge added from A to B with weight 5
2025-01-25 14:31:17 [info]: Edge added from D to E with weight 8
2025-01-25 14:31:17 [info]: Edge added from D to C with weight 8
2025-01-25 14:31:17 [info]: Edge added from B to C with weight 4
2025-01-25 14:31:17 [info]: Edge added from C to E with weight 2
2025-01-25 14:31:17 [info]: Edge added from C to D with weight 8
2025-01-25 14:31:17 [info]: Edge added from E to B with weight 3
2025-01-25 14:31:17 [info]: RailroadGraph initialized
2025-01-25 14:31:17 [info]: DistanceCalculator initialized
2025-01-25 14:31:17 [info]: RouteCalculator initialized
2025-01-25 14:31:17 [info]: ShortRouteCalculator initialized
2025-01-25 14:31:17 [info]: RailroadService initialized
2025-01-25 14:31:17 [info]: Getting shortest route from A to C
2025-01-25 14:31:17 [info]: Calculating shortest route from A to C
2025-01-25 14:31:17 [info]: Shortest route distance: 9
2025-01-25 14:31:17 [info]: Edge added from A to D with weight 5
2025-01-25 14:31:17 [info]: Edge added from A to E with weight 7
2025-01-25 14:31:17 [info]: Edge added from A to B with weight 5
2025-01-25 14:31:17 [info]: Edge added from D to E with weight 8
2025-01-25 14:31:17 [info]: Edge added from D to C with weight 8
2025-01-25 14:31:17 [info]: Edge added from B to C with weight 4
2025-01-25 14:31:17 [info]: Edge added from C to E with weight 2
2025-01-25 14:31:17 [info]: Edge added from C to D with weight 8
2025-01-25 14:31:17 [info]: Edge added from E to B with weight 3
2025-01-25 14:31:17 [info]: RailroadGraph initialized
2025-01-25 14:31:17 [info]: DistanceCalculator initialized
2025-01-25 14:31:17 [info]: RouteCalculator initialized
2025-01-25 14:31:17 [info]: ShortRouteCalculator initialized
2025-01-25 14:31:17 [info]: RailroadService initialized
2025-01-25 14:31:17 [info]: Getting shortest route from B to B
2025-01-25 14:31:17 [info]: Calculating shortest route from B to B
2025-01-25 14:31:17 [info]: Shortest route distance: 9
2025-01-25 14:31:17 [info]: Edge added from A to D with weight 5
2025-01-25 14:31:17 [info]: Edge added from A to E with weight 7
2025-01-25 14:31:17 [info]: Edge added from A to B with weight 5
2025-01-25 14:31:17 [info]: Edge added from D to E with weight 8
2025-01-25 14:31:17 [info]: Edge added from D to C with weight 8
2025-01-25 14:31:17 [info]: Edge added from B to C with weight 4
2025-01-25 14:31:17 [info]: Edge added from C to E with weight 2
2025-01-25 14:31:17 [info]: Edge added from C to D with weight 8
2025-01-25 14:31:17 [info]: Edge added from E to B with weight 3
2025-01-25 14:31:17 [info]: RailroadGraph initialized
2025-01-25 14:31:17 [info]: DistanceCalculator initialized
2025-01-25 14:31:17 [info]: RouteCalculator initialized
2025-01-25 14:31:17 [info]: ShortRouteCalculator initialized
2025-01-25 14:31:17 [info]: RailroadService initialized
2025-01-25 14:31:17 [info]: Getting shortest route from B to K
2025-01-25 14:31:17 [info]: Calculating shortest route from B to K
2025-01-25 14:31:17 [error]: NO SUCH ROUTE
2025-01-25 14:31:17 [info]: Edge added from A to D with weight 5
2025-01-25 14:31:17 [info]: Edge added from A to E with weight 7
2025-01-25 14:31:17 [info]: Edge added from A to B with weight 5
2025-01-25 14:31:17 [info]: Edge added from D to E with weight 8
2025-01-25 14:31:17 [info]: Edge added from D to C with weight 8
2025-01-25 14:31:17 [info]: Edge added from B to C with weight 4
2025-01-25 14:31:17 [info]: Edge added from C to E with weight 2
2025-01-25 14:31:17 [info]: Edge added from C to D with weight 8
2025-01-25 14:31:17 [info]: Edge added from E to B with weight 3
2025-01-25 14:31:17 [info]: RailroadGraph initialized
2025-01-25 14:31:17 [info]: DistanceCalculator initialized
2025-01-25 14:31:17 [info]: RouteCalculator initialized
2025-01-25 14:31:17 [info]: ShortRouteCalculator initialized
2025-01-25 14:31:17 [info]: RailroadService initialized
2025-01-25 14:31:17 [info]: Getting all routes from C to C with maximum distance 30
2025-01-25 14:31:17 [info]: Calculating all routes from C to C with maximum distance 30
2025-01-25 14:31:17 [info]: Found 3 routes
2025-01-25 14:54:55 [info]: RailroadGraph initialized
2025-01-25 14:54:55 [info]: RailroadGraph initialized
2025-01-25 14:54:55 [info]: DistanceCalculator initialized
2025-01-25 14:54:55 [info]: RouteCalculator initialized
2025-01-25 14:54:55 [info]: ShortRouteCalculator initialized
2025-01-25 14:54:55 [info]: RailroadService initialized
2025-01-25 15:01:36 [info]: Edge added from A to D with weight 5
2025-01-25 15:01:36 [info]: Edge added from A to E with weight 7
2025-01-25 15:01:36 [info]: Edge added from A to B with weight 5
2025-01-25 15:01:36 [info]: Edge added from D to E with weight 8
2025-01-25 15:01:36 [info]: Edge added from D to C with weight 8
2025-01-25 15:01:36 [info]: Edge added from B to C with weight 4
2025-01-25 15:01:36 [info]: Edge added from C to E with weight 2
2025-01-25 15:01:36 [info]: Edge added from C to D with weight 8
2025-01-25 15:01:36 [info]: Edge added from E to B with weight 3
2025-01-25 15:01:36 [info]: RailroadGraph initialized
2025-01-25 15:01:36 [info]: DistanceCalculator initialized
2025-01-25 15:01:36 [info]: RouteCalculator initialized
2025-01-25 15:01:36 [info]: ShortRouteCalculator initialized
2025-01-25 15:01:36 [info]: RailroadService initialized
2025-01-25 15:05:33 [info]: Getting distance for path: A -> B -> C
2025-01-25 15:05:33 [info]: Calculating distance for path: A -> B -> C
2025-01-25 15:05:33 [info]: Edge distance from A to B: 5
2025-01-25 15:05:33 [info]: Edge distance from B to C: 4
2025-01-25 15:05:33 [info]: Total distance: 9
2025-01-25 15:07:15 [info]: Getting routes from C to C with maximum 3 stops
2025-01-25 15:07:15 [info]: Calculating routes from C to C with maximum 3 stops
2025-01-25 15:07:15 [info]: Found 2 routes
2025-01-25 15:45:36 [info]: Edge added from A to D with weight 5
2025-01-25 15:45:36 [info]: Edge added from A to E with weight 7
2025-01-25 15:45:36 [info]: Edge added from A to B with weight 5
2025-01-25 15:45:36 [info]: Edge added from D to E with weight 8
2025-01-25 15:45:36 [info]: Edge added from D to C with weight 8
2025-01-25 15:45:36 [info]: Edge added from B to C with weight 4
2025-01-25 15:45:36 [info]: Edge added from C to E with weight 2
2025-01-25 15:45:36 [info]: Edge added from C to D with weight 8
2025-01-25 15:45:36 [info]: Edge added from E to B with weight 3
2025-01-25 15:45:36 [info]: RailroadGraph initialized
2025-01-25 15:45:36 [info]: DistanceCalculator initialized
2025-01-25 15:45:36 [info]: RouteCalculator initialized
2025-01-25 15:45:36 [info]: ShortRouteCalculator initialized
2025-01-25 15:45:36 [info]: RailroadService initialized
2025-01-25 16:07:35 [info]: Edge added from A to D with weight 5
2025-01-25 16:07:35 [info]: Edge added from A to E with weight 7
2025-01-25 16:07:35 [info]: Edge added from A to B with weight 5
2025-01-25 16:07:35 [info]: Edge added from D to E with weight 8
2025-01-25 16:07:35 [info]: Edge added from D to C with weight 8
2025-01-25 16:07:35 [info]: Edge added from B to C with weight 4
2025-01-25 16:07:35 [info]: Edge added from C to E with weight 2
2025-01-25 16:07:35 [info]: Edge added from C to D with weight 8
2025-01-25 16:07:35 [info]: Edge added from E to B with weight 3
2025-01-25 16:07:35 [info]: RailroadGraph initialized
2025-01-25 16:07:35 [info]: DistanceCalculator initialized
2025-01-25 16:07:35 [info]: RouteCalculator initialized
2025-01-25 16:07:35 [info]: ShortRouteCalculator initialized
2025-01-25 16:07:35 [info]: RailroadService initialized
2025-01-25 16:25:41 [info]: Edge added from A to D with weight 5
2025-01-25 16:25:41 [info]: Edge added from A to E with weight 7
2025-01-25 16:25:41 [info]: Edge added from A to B with weight 5
2025-01-25 16:25:41 [info]: Edge added from D to E with weight 8
2025-01-25 16:25:41 [info]: Edge added from D to C with weight 8
2025-01-25 16:25:41 [info]: Edge added from B to C with weight 4
2025-01-25 16:25:41 [info]: Edge added from C to E with weight 2
2025-01-25 16:25:41 [info]: Edge added from C to D with weight 8
2025-01-25 16:25:41 [info]: Edge added from E to B with weight 3
2025-01-25 16:25:41 [info]: RailroadGraph initialized
2025-01-25 16:25:41 [info]: DistanceCalculator initialized
2025-01-25 16:25:41 [info]: RouteCalculator initialized
2025-01-25 16:25:41 [info]: ShortRouteCalculator initialized
2025-01-25 16:25:41 [info]: RailroadService initialized
2025-01-25 16:30:15 [info]: Edge added from A to D with weight 5
2025-01-25 16:30:15 [info]: Edge added from A to E with weight 7
2025-01-25 16:30:15 [info]: Edge added from A to B with weight 5
2025-01-25 16:30:15 [info]: Edge added from D to E with weight 8
2025-01-25 16:30:15 [info]: Edge added from D to C with weight 8
2025-01-25 16:30:15 [info]: Edge added from B to C with weight 4
2025-01-25 16:30:15 [info]: Edge added from C to E with weight 2
2025-01-25 16:30:15 [info]: Edge added from C to D with weight 8
2025-01-25 16:30:15 [info]: Edge added from E to B with weight 3
2025-01-25 16:30:15 [info]: RailroadGraph initialized
2025-01-25 16:30:15 [info]: DistanceCalculator initialized
2025-01-25 16:30:15 [info]: RouteCalculator initialized
2025-01-25 16:30:15 [info]: ShortRouteCalculator initialized
2025-01-25 16:30:15 [info]: RailroadService initialized
2025-01-25 16:30:22 [info]: token: eyJhbGciOiJIUzI1NiIsInR5cCI6IkpXVCJ9.eyJpZCI6IjIiLCJyb2xlIjoiQWRtaW4iLCJpYXQiOjE3Mzc3NzU0MzIsImV4cCI6MTczNzc3OTAzMn0.ZEGmuf51-Mnq9RwZ6qFaqCRYD6Nr0p_NM2rV-lBd12M
2025-01-25 16:30:22 [info]: process.env.JWT_SECRET: undefined
2025-01-25 16:32:59 [info]: Edge added from A to D with weight 5
2025-01-25 16:32:59 [info]: Edge added from A to E with weight 7
2025-01-25 16:32:59 [info]: Edge added from A to B with weight 5
2025-01-25 16:32:59 [info]: Edge added from D to E with weight 8
2025-01-25 16:32:59 [info]: Edge added from D to C with weight 8
2025-01-25 16:32:59 [info]: Edge added from B to C with weight 4
2025-01-25 16:32:59 [info]: Edge added from C to E with weight 2
2025-01-25 16:32:59 [info]: Edge added from C to D with weight 8
2025-01-25 16:32:59 [info]: Edge added from E to B with weight 3
2025-01-25 16:32:59 [info]: RailroadGraph initialized
2025-01-25 16:32:59 [info]: DistanceCalculator initialized
2025-01-25 16:32:59 [info]: RouteCalculator initialized
2025-01-25 16:32:59 [info]: ShortRouteCalculator initialized
2025-01-25 16:32:59 [info]: RailroadService initialized
2025-01-25 16:33:07 [info]: token: eyJhbGciOiJIUzI1NiIsInR5cCI6IkpXVCJ9.eyJpZCI6IjIiLCJyb2xlIjoiQWRtaW4iLCJpYXQiOjE3Mzc3NzU0MzIsImV4cCI6MTczNzc3OTAzMn0.ZEGmuf51-Mnq9RwZ6qFaqCRYD6Nr0p_NM2rV-lBd12M
2025-01-25 16:33:07 [info]: process.env.JWT_SECRET: undefined
2025-01-25 16:41:30 [info]: Edge added from A to D with weight 5
2025-01-25 16:41:30 [info]: Edge added from A to E with weight 7
2025-01-25 16:41:30 [info]: Edge added from A to B with weight 5
2025-01-25 16:41:30 [info]: Edge added from D to E with weight 8
2025-01-25 16:41:30 [info]: Edge added from D to C with weight 8
2025-01-25 16:41:30 [info]: Edge added from B to C with weight 4
2025-01-25 16:41:30 [info]: Edge added from C to E with weight 2
2025-01-25 16:41:30 [info]: Edge added from C to D with weight 8
2025-01-25 16:41:30 [info]: Edge added from E to B with weight 3
2025-01-25 16:41:30 [info]: RailroadGraph initialized
2025-01-25 16:41:30 [info]: DistanceCalculator initialized
2025-01-25 16:41:30 [info]: RouteCalculator initialized
2025-01-25 16:41:30 [info]: ShortRouteCalculator initialized
2025-01-25 16:41:30 [info]: RailroadService initialized
2025-01-25 16:42:04 [info]: token: eyJhbGciOiJIUzI1NiIsInR5cCI6IkpXVCJ9.eyJpZCI6IjIiLCJyb2xlIjoiQWRtaW4iLCJpYXQiOjE3Mzc3NzU0MzIsImV4cCI6MTczNzc3OTAzMn0.ZEGmuf51-Mnq9RwZ6qFaqCRYD6Nr0p_NM2rV-lBd12M
2025-01-25 16:42:04 [info]: process.env.JWT_SECRET: 944e91a7419cff238468b9daf0d878fe9149140e8681dc5e649235c3b6716dc2
2025-01-25 16:42:04 [info]: Getting distance for path: A -> B -> C
2025-01-25 16:42:04 [info]: Calculating distance for path: A -> B -> C
2025-01-25 16:42:04 [info]: Edge distance from A to B: 5
2025-01-25 16:42:04 [info]: Edge distance from B to C: 4
2025-01-25 16:42:04 [info]: Total distance: 9
2025-01-25 16:43:01 [info]: token: eyJhbGciOiJIUzI1NiIsInR5cCI6IkpXVCJ9.eyJpZCI6IjIiLCJyb2xlIjoiQWRtaW4iLCJpYXQiOjE3Mzc3NzU0MzIsImV4cCI6MTczNzc3OTAzMn0.ZEGmuf51-Mnq9RwZ6qFaqCRYD6Nr0p_NM2rV-lBd12M55
2025-01-25 16:43:01 [info]: process.env.JWT_SECRET: 944e91a7419cff238468b9daf0d878fe9149140e8681dc5e649235c3b6716dc2
2025-01-25 16:46:49 [info]: token: eyJhbGciOiJIUzI1NiIsInR5cCI6IkpXVCJ9.eyJpZCI6IjEiLCJyb2xlIjoiUHVibGljIiwiaWF0IjoxNzM3Nzc1NDMyLCJleHAiOjE3Mzc3NzkwMzJ9.3HPqyfpQr5s8BH8weOnnmXViyhy93fZgsecacRkvQ54
2025-01-25 16:46:49 [info]: process.env.JWT_SECRET: 944e91a7419cff238468b9daf0d878fe9149140e8681dc5e649235c3b6716dc2
2025-01-25 17:06:42 [info]: DistanceCalculator initialized
2025-01-25 17:06:42 [info]: RouteCalculator initialized
2025-01-25 17:06:42 [info]: ShortRouteCalculator initialized
2025-01-25 17:06:42 [info]: RailroadService initialized
2025-01-25 17:06:42 [info]: Getting distance for path: A -> B -> C
2025-01-25 17:06:42 [info]: Calculating distance for path: A -> B -> C
2025-01-25 17:06:42 [error]: this.graph.getNeighbors is not a function
2025-01-25 17:06:42 [info]: DistanceCalculator initialized
2025-01-25 17:06:42 [info]: RouteCalculator initialized
2025-01-25 17:06:42 [info]: ShortRouteCalculator initialized
2025-01-25 17:06:42 [info]: RailroadService initialized
2025-01-25 17:06:42 [info]: Getting distance for path: A -> D
2025-01-25 17:06:42 [info]: Calculating distance for path: A -> D
2025-01-25 17:06:42 [error]: this.graph.getNeighbors is not a function
2025-01-25 17:06:42 [info]: DistanceCalculator initialized
2025-01-25 17:06:42 [info]: RouteCalculator initialized
2025-01-25 17:06:42 [info]: ShortRouteCalculator initialized
2025-01-25 17:06:42 [info]: RailroadService initialized
2025-01-25 17:06:42 [info]: Getting distance for path: A -> D -> C
2025-01-25 17:06:42 [info]: Calculating distance for path: A -> D -> C
2025-01-25 17:06:42 [error]: this.graph.getNeighbors is not a function
2025-01-25 17:06:42 [info]: DistanceCalculator initialized
2025-01-25 17:06:42 [info]: RouteCalculator initialized
2025-01-25 17:06:42 [info]: ShortRouteCalculator initialized
2025-01-25 17:06:42 [info]: RailroadService initialized
2025-01-25 17:06:42 [info]: Getting distance for path: A -> E -> B -> C -> D
2025-01-25 17:06:42 [info]: Calculating distance for path: A -> E -> B -> C -> D
2025-01-25 17:06:42 [error]: this.graph.getNeighbors is not a function
2025-01-25 17:06:42 [info]: DistanceCalculator initialized
2025-01-25 17:06:42 [info]: RouteCalculator initialized
2025-01-25 17:06:42 [info]: ShortRouteCalculator initialized
2025-01-25 17:06:42 [info]: RailroadService initialized
2025-01-25 17:06:42 [info]: Getting distance for path: A -> E -> D
2025-01-25 17:06:42 [info]: Calculating distance for path: A -> E -> D
2025-01-25 17:06:42 [error]: this.graph.getNeighbors is not a function
2025-01-25 17:06:42 [info]: DistanceCalculator initialized
2025-01-25 17:06:42 [info]: RouteCalculator initialized
2025-01-25 17:06:42 [info]: ShortRouteCalculator initialized
2025-01-25 17:06:42 [info]: RailroadService initialized
2025-01-25 17:06:42 [info]: Getting distance for path: A -> E -> K
2025-01-25 17:06:42 [info]: Calculating distance for path: A -> E -> K
2025-01-25 17:06:42 [error]: this.graph.getNeighbors is not a function
2025-01-25 17:06:42 [info]: DistanceCalculator initialized
2025-01-25 17:06:42 [info]: RouteCalculator initialized
2025-01-25 17:06:42 [info]: ShortRouteCalculator initialized
2025-01-25 17:06:42 [info]: RailroadService initialized
2025-01-25 17:06:42 [info]: Getting routes from C to C with maximum 3 stops
2025-01-25 17:06:42 [info]: Calculating routes from C to C with maximum 3 stops
2025-01-25 17:06:42 [error]: this.graph.getNeighbors is not a function
2025-01-25 17:06:42 [info]: DistanceCalculator initialized
2025-01-25 17:06:42 [info]: RouteCalculator initialized
2025-01-25 17:06:42 [info]: ShortRouteCalculator initialized
2025-01-25 17:06:42 [info]: RailroadService initialized
2025-01-25 17:06:42 [info]: Getting routes from A to C with exactly 4 stops
2025-01-25 17:06:42 [info]: Calculating routes from A to C with exactly 4 stops
2025-01-25 17:06:42 [error]: this.graph.getNeighbors is not a function
2025-01-25 17:06:42 [info]: DistanceCalculator initialized
2025-01-25 17:06:42 [info]: RouteCalculator initialized
2025-01-25 17:06:42 [info]: ShortRouteCalculator initialized
2025-01-25 17:06:42 [info]: RailroadService initialized
2025-01-25 17:06:42 [info]: Getting shortest route from A to C
2025-01-25 17:06:42 [info]: Calculating shortest route from A to C
2025-01-25 17:06:42 [error]: this.graph.getNeighbors is not a function
2025-01-25 17:06:42 [info]: DistanceCalculator initialized
2025-01-25 17:06:42 [info]: RouteCalculator initialized
2025-01-25 17:06:42 [info]: ShortRouteCalculator initialized
2025-01-25 17:06:42 [info]: RailroadService initialized
2025-01-25 17:06:42 [info]: Getting shortest route from B to B
2025-01-25 17:06:42 [info]: Calculating shortest route from B to B
2025-01-25 17:06:42 [error]: this.graph.getNeighbors is not a function
2025-01-25 17:06:42 [info]: DistanceCalculator initialized
2025-01-25 17:06:42 [info]: RouteCalculator initialized
2025-01-25 17:06:42 [info]: ShortRouteCalculator initialized
2025-01-25 17:06:42 [info]: RailroadService initialized
2025-01-25 17:06:42 [info]: Getting shortest route from B to K
2025-01-25 17:06:42 [info]: Calculating shortest route from B to K
2025-01-25 17:06:42 [error]: this.graph.getNeighbors is not a function
2025-01-25 17:06:42 [info]: DistanceCalculator initialized
2025-01-25 17:06:42 [info]: RouteCalculator initialized
2025-01-25 17:06:42 [info]: ShortRouteCalculator initialized
2025-01-25 17:06:42 [info]: RailroadService initialized
2025-01-25 17:06:42 [info]: Getting all routes from C to C with maximum distance 30
2025-01-25 17:06:42 [info]: Calculating all routes from C to C with maximum distance 30
2025-01-25 17:06:42 [error]: this.graph.getNeighbors is not a function
2025-01-25 17:09:20 [info]: Edge added from A to D with weight 5
2025-01-25 17:09:20 [info]: Edge added from A to E with weight 7
2025-01-25 17:09:20 [info]: Edge added from A to B with weight 5
2025-01-25 17:09:20 [info]: Edge added from D to E with weight 8
2025-01-25 17:09:20 [info]: Edge added from D to C with weight 8
2025-01-25 17:09:20 [info]: Edge added from B to C with weight 4
2025-01-25 17:09:20 [info]: Edge added from C to E with weight 2
2025-01-25 17:09:20 [info]: Edge added from C to D with weight 8
2025-01-25 17:09:20 [info]: Edge added from E to B with weight 3
2025-01-25 17:09:20 [info]: RailroadGraph initialized
2025-01-25 17:09:20 [info]: DistanceCalculator initialized
2025-01-25 17:09:20 [info]: RouteCalculator initialized
2025-01-25 17:09:20 [info]: ShortRouteCalculator initialized
2025-01-25 17:09:20 [info]: RailroadService initialized
2025-01-25 17:09:20 [info]: Getting distance for path: A -> B -> C
2025-01-25 17:09:20 [info]: Calculating distance for path: A -> B -> C
2025-01-25 17:09:20 [info]: Edge distance from A to B: 5
2025-01-25 17:09:20 [info]: Edge distance from B to C: 4
2025-01-25 17:09:20 [info]: Total distance: 9
2025-01-25 17:09:20 [info]: DistanceCalculator initialized
2025-01-25 17:09:20 [info]: RouteCalculator initialized
2025-01-25 17:09:20 [info]: ShortRouteCalculator initialized
2025-01-25 17:09:20 [info]: RailroadService initialized
2025-01-25 17:09:20 [info]: Getting distance for path: A -> D
2025-01-25 17:09:20 [info]: Calculating distance for path: A -> D
2025-01-25 17:09:20 [info]: Edge distance from A to D: 5
2025-01-25 17:09:20 [info]: Total distance: 5
2025-01-25 17:09:20 [info]: DistanceCalculator initialized
2025-01-25 17:09:20 [info]: RouteCalculator initialized
2025-01-25 17:09:20 [info]: ShortRouteCalculator initialized
2025-01-25 17:09:20 [info]: RailroadService initialized
2025-01-25 17:09:20 [info]: Getting distance for path: A -> D -> C
2025-01-25 17:09:20 [info]: Calculating distance for path: A -> D -> C
2025-01-25 17:09:20 [info]: Edge distance from A to D: 5
2025-01-25 17:09:20 [info]: Edge distance from D to C: 8
2025-01-25 17:09:20 [info]: Total distance: 13
2025-01-25 17:09:20 [info]: DistanceCalculator initialized
2025-01-25 17:09:20 [info]: RouteCalculator initialized
2025-01-25 17:09:20 [info]: ShortRouteCalculator initialized
2025-01-25 17:09:20 [info]: RailroadService initialized
2025-01-25 17:09:20 [info]: Getting distance for path: A -> E -> B -> C -> D
2025-01-25 17:09:20 [info]: Calculating distance for path: A -> E -> B -> C -> D
2025-01-25 17:09:20 [info]: Edge distance from A to E: 7
2025-01-25 17:09:20 [info]: Edge distance from E to B: 3
2025-01-25 17:09:20 [info]: Edge distance from B to C: 4
2025-01-25 17:09:20 [info]: Edge distance from C to D: 8
2025-01-25 17:09:20 [info]: Total distance: 22
2025-01-25 17:09:20 [info]: DistanceCalculator initialized
2025-01-25 17:09:20 [info]: RouteCalculator initialized
2025-01-25 17:09:20 [info]: ShortRouteCalculator initialized
2025-01-25 17:09:20 [info]: RailroadService initialized
2025-01-25 17:09:20 [info]: Getting distance for path: A -> E -> D
2025-01-25 17:09:20 [info]: Calculating distance for path: A -> E -> D
2025-01-25 17:09:20 [info]: Edge distance from A to E: 7
2025-01-25 17:09:20 [info]: Edge distance from E to D: null
2025-01-25 17:09:20 [info]: DistanceCalculator initialized
2025-01-25 17:09:20 [info]: RouteCalculator initialized
2025-01-25 17:09:20 [info]: ShortRouteCalculator initialized
2025-01-25 17:09:20 [info]: RailroadService initialized
2025-01-25 17:09:20 [info]: Getting distance for path: A -> E -> K
2025-01-25 17:09:20 [info]: Calculating distance for path: A -> E -> K
2025-01-25 17:09:20 [info]: Edge distance from A to E: 7
2025-01-25 17:09:20 [info]: Edge distance from E to K: null
2025-01-25 17:09:20 [info]: DistanceCalculator initialized
2025-01-25 17:09:20 [info]: RouteCalculator initialized
2025-01-25 17:09:20 [info]: ShortRouteCalculator initialized
2025-01-25 17:09:20 [info]: RailroadService initialized
2025-01-25 17:09:20 [info]: Getting routes from C to C with maximum 3 stops
2025-01-25 17:09:20 [info]: Calculating routes from C to C with maximum 3 stops
2025-01-25 17:09:20 [info]: Found 2 routes
2025-01-25 17:09:20 [info]: DistanceCalculator initialized
2025-01-25 17:09:20 [info]: RouteCalculator initialized
2025-01-25 17:09:20 [info]: ShortRouteCalculator initialized
2025-01-25 17:09:20 [info]: RailroadService initialized
2025-01-25 17:09:20 [info]: Getting routes from A to C with exactly 4 stops
2025-01-25 17:09:20 [info]: Calculating routes from A to C with exactly 4 stops
2025-01-25 17:09:20 [info]: Found 1 routes
2025-01-25 17:09:20 [info]: DistanceCalculator initialized
2025-01-25 17:09:20 [info]: RouteCalculator initialized
2025-01-25 17:09:20 [info]: ShortRouteCalculator initialized
2025-01-25 17:09:20 [info]: RailroadService initialized
2025-01-25 17:09:20 [info]: Getting shortest route from A to C
2025-01-25 17:09:20 [info]: Calculating shortest route from A to C
2025-01-25 17:09:20 [info]: Shortest route distance: 9
2025-01-25 17:09:20 [info]: DistanceCalculator initialized
2025-01-25 17:09:20 [info]: RouteCalculator initialized
2025-01-25 17:09:20 [info]: ShortRouteCalculator initialized
2025-01-25 17:09:20 [info]: RailroadService initialized
2025-01-25 17:09:20 [info]: Getting shortest route from B to B
2025-01-25 17:09:20 [info]: Calculating shortest route from B to B
2025-01-25 17:09:20 [info]: Shortest route distance: 9
2025-01-25 17:09:20 [info]: DistanceCalculator initialized
2025-01-25 17:09:20 [info]: RouteCalculator initialized
2025-01-25 17:09:20 [info]: ShortRouteCalculator initialized
2025-01-25 17:09:20 [info]: RailroadService initialized
2025-01-25 17:09:20 [info]: Getting shortest route from B to K
2025-01-25 17:09:20 [info]: Calculating shortest route from B to K
2025-01-25 17:09:20 [error]: NO SUCH ROUTE
2025-01-25 17:09:20 [info]: DistanceCalculator initialized
2025-01-25 17:09:20 [info]: RouteCalculator initialized
2025-01-25 17:09:20 [info]: ShortRouteCalculator initialized
2025-01-25 17:09:20 [info]: RailroadService initialized
2025-01-25 17:09:20 [info]: Getting all routes from C to C with maximum distance 30
2025-01-25 17:09:20 [info]: Calculating all routes from C to C with maximum distance 30
2025-01-25 17:09:20 [info]: Found 3 routes
2025-01-25 17:29:18 [info]: Edge added from A to D with weight 5
2025-01-25 17:29:18 [info]: Edge added from A to E with weight 7
2025-01-25 17:29:18 [info]: Edge added from A to B with weight 5
2025-01-25 17:29:18 [info]: Edge added from D to E with weight 8
2025-01-25 17:29:18 [info]: Edge added from D to C with weight 8
2025-01-25 17:29:18 [info]: Edge added from B to C with weight 4
2025-01-25 17:29:18 [info]: Edge added from C to E with weight 2
2025-01-25 17:29:18 [info]: Edge added from C to D with weight 8
2025-01-25 17:29:18 [info]: Edge added from E to B with weight 3
2025-01-25 17:29:18 [info]: RailroadGraph initialized
2025-01-25 17:29:18 [info]: DistanceCalculator initialized
2025-01-25 17:29:18 [info]: RouteCalculator initialized
2025-01-25 17:29:18 [info]: ShortRouteCalculator initialized
2025-01-25 17:29:18 [info]: RailroadService initialized
2025-01-25 17:31:36 [info]: Edge added from A to D with weight 5
2025-01-25 17:31:36 [info]: Edge added from A to E with weight 7
2025-01-25 17:31:36 [info]: Edge added from A to B with weight 5
2025-01-25 17:31:36 [info]: Edge added from D to E with weight 8
2025-01-25 17:31:36 [info]: Edge added from D to C with weight 8
2025-01-25 17:31:36 [info]: Edge added from B to C with weight 4
2025-01-25 17:31:36 [info]: Edge added from C to E with weight 2
2025-01-25 17:31:36 [info]: Edge added from C to D with weight 8
2025-01-25 17:31:36 [info]: Edge added from E to B with weight 3
2025-01-25 17:31:36 [info]: RailroadGraph initialized
2025-01-25 17:31:36 [info]: DistanceCalculator initialized
2025-01-25 17:31:36 [info]: RouteCalculator initialized
2025-01-25 17:31:36 [info]: ShortRouteCalculator initialized
2025-01-25 17:31:36 [info]: RailroadService initialized
